<?xml version="1.0" encoding="UTF-8"?>
<!-- Generated by org.testng.reporters.JUnitXMLReporter -->
<testsuite hostname="Diligencesoft" name="Firsttest" tests="3" failures="2" timestamp="24 Aug 2019 19:54:35 GMT" time="6.121" errors="0">
  <testcase name="hello" time="0.009" classname="framework.projectname.helper.listener.A"/>
  <testcase name="hellob" time="0.003" classname="framework.projectname.helper.listener.B">
    <failure type="java.lang.AssertionError" message="expected [true] but found [false]">
      <![CDATA[java.lang.AssertionError: expected [true] but found [false]
	at framework.projectname.helper.listener.B.hellob(B.java:19)
... Removed 29 stack frames]]>
    </failure>
  </testcase> <!-- hellob -->
  <testcase name="hello" time="0.003" classname="framework.projectname.helper.listener.C">
    <failure type="java.lang.AssertionError" message="expected [true] but found [false]">
      <![CDATA[java.lang.AssertionError: expected [true] but found [false]
	at framework.projectname.helper.listener.C.hello(C.java:12)
... Removed 29 stack frames]]>
    </failure>
  </testcase> <!-- hello -->
</testsuite> <!-- Firsttest -->
