<?xml version="1.0" encoding="UTF-8"?>
<!-- Generated by org.testng.reporters.JUnitXMLReporter -->
<testsuite hostname="Diligencesoft" name="Firsttest" tests="8" failures="1" timestamp="5 Aug 2019 10:44:16 GMT" time="0.153" errors="0">
  <testcase name="hello" time="0.029" classname="framework.projectname.helper.listener.A"/>
  <testcase name="hellob" time="0.004" classname="framework.projectname.helper.listener.B">
    <skipped/>
  </testcase> <!-- hellob -->
  <testcase name="hellob" time="0.004" classname="framework.projectname.helper.listener.B">
    <skipped/>
  </testcase> <!-- hellob -->
  <testcase name="hellob" time="0.001" classname="framework.projectname.helper.listener.B"/>
  <testcase name="hello" time="0.003" classname="framework.projectname.helper.listener.C">
    <skipped/>
  </testcase> <!-- hello -->
  <testcase name="hello" time="0.001" classname="framework.projectname.helper.listener.C">
    <skipped/>
  </testcase> <!-- hello -->
  <testcase name="hello" time="0.002" classname="framework.projectname.helper.listener.C">
    <skipped/>
  </testcase> <!-- hello -->
  <testcase name="hello" time="0.001" classname="framework.projectname.helper.listener.C">
    <failure type="java.lang.AssertionError" message="expected [true] but found [false]">
      <![CDATA[java.lang.AssertionError: expected [true] but found [false]
	at framework.projectname.helper.listener.C.hello(C.java:10)
... Removed 29 stack frames]]>
    </failure>
  </testcase> <!-- hello -->
</testsuite> <!-- Firsttest -->
