2019-07-209 13:07:594 INFO LoggerHelper:23 - looger is configured
2019-07-209 13:07:597 INFO LoggerHelper:24 - looger is configured
2019-07-209 13:07:825 INFO LoggerHelper:23 - looger is configured
2019-07-209 13:07:828 INFO LoggerHelper:24 - looger is configured
2019-07-209 13:07:665 INFO LoggerHelper:23 - looger is configured
2019-07-209 13:07:668 INFO LoggerHelper:24 - looger is configured
2019-07-209 13:07:223 INFO LoggerHelper:23 - looger is configured
2019-07-209 13:07:226 INFO LoggerHelper:24 - looger is configured
2019-08-216 07:08:627 INFO LoggerHelper:25 - looger is configured
2019-08-216 07:08:631 INFO LoggerHelper:26 - looger is configured
2019-08-217 13:08:547 INFO Retry:19 - Re trying testhellowith statusFailedfor the1times
2019-08-217 13:08:571 INFO Retry:19 - Re trying testhellowith statusFailedfor the2times
2019-08-217 13:08:578 INFO Retry:19 - Re trying testhellowith statusFailedfor the3times
2019-08-217 13:08:587 INFO Retry:19 - Re trying testhellowith statusFailedfor the1times
2019-08-217 13:08:597 INFO Retry:19 - Re trying testhellowith statusFailedfor the2times
2019-08-217 13:08:604 INFO Retry:19 - Re trying testhellowith statusFailedfor the3times
2019-08-217 16:08:379 INFO Retry:19 - Re trying test hellob with status Failedfor the 1times 
2019-08-217 16:08:415 INFO Retry:19 - Re trying test hellob with status Failedfor the 2times 
2019-08-217 16:08:432 INFO Retry:19 - Re trying test hello with status Failedfor the 1times 
2019-08-217 16:08:439 INFO Retry:19 - Re trying test hello with status Failedfor the 2times 
2019-08-217 16:08:445 INFO Retry:19 - Re trying test hello with status Failedfor the 3times 
2019-08-228 15:08:873 INFO AssertionHelper:21 - making script pass
2019-08-228 15:08:683 INFO AssertionHelper:34 - making script fail
2019-08-228 16:08:537 INFO AssertionHelper:21 - making script pass
2019-08-228 16:08:56 INFO AssertionHelper:34 - making script fail
2019-08-228 17:08:234 INFO AssertionHelper:21 - making script pass
2019-08-228 17:08:674 INFO AssertionHelper:34 - making script fail
2019-08-235 09:08:81 INFO Testbase:117 - Intiliaze webdriver : 1342346098
2019-08-235 09:08:160 INFO Waithelper:32 - Implicit wait has been set to :50
2019-08-235 09:08:283 INFO Waithelper:104 - waiting for page to loadSECONDS
2019-08-235 09:08:312 INFO Waithelper:106 - page is loaded
2019-08-235 09:08:742 INFO Testbase:117 - Intiliaze webdriver : 1342346098
2019-08-235 09:08:861 INFO Testbase:117 - Intiliaze webdriver : 1342346098
2019-08-235 09:08:922 INFO Waithelper:32 - Implicit wait has been set to :50
2019-08-235 09:08:949 INFO Waithelper:32 - Implicit wait has been set to :50
2019-08-235 09:08:14 INFO Waithelper:104 - waiting for page to loadSECONDS
2019-08-235 09:08:63 INFO Waithelper:106 - page is loaded
2019-08-235 09:08:87 INFO Waithelper:104 - waiting for page to loadSECONDS
2019-08-235 09:08:140 INFO Waithelper:106 - page is loaded
2019-08-235 09:08:542 INFO Testbase:117 - Intiliaze webdriver : 1342346098
2019-08-235 09:08:556 INFO Waithelper:32 - Implicit wait has been set to :50
2019-08-235 09:08:589 INFO Waithelper:104 - waiting for page to loadSECONDS
2019-08-235 09:08:611 INFO Waithelper:106 - page is loaded
2019-08-235 10:08:101 INFO Testbase:117 - Intiliaze webdriver : 1342346098
2019-08-235 10:08:117 INFO Waithelper:32 - Implicit wait has been set to :50
2019-08-235 10:08:152 INFO Waithelper:104 - waiting for page to loadSECONDS
2019-08-235 10:08:168 INFO Waithelper:106 - page is loaded
2019-08-235 11:08:697 INFO Testbase:117 - Intiliaze webdriver : 1342346098
2019-08-235 11:08:725 INFO Waithelper:32 - Implicit wait has been set to :50
2019-08-235 11:08:769 INFO Waithelper:104 - waiting for page to loadSECONDS
2019-08-235 11:08:828 INFO Waithelper:106 - page is loaded
2019-08-235 11:08:933 INFO Testbase:117 - Intiliaze webdriver : 1342346098
2019-08-235 11:08:962 INFO Waithelper:32 - Implicit wait has been set to :50
2019-08-235 11:08:32 INFO Waithelper:104 - waiting for page to loadSECONDS
2019-08-235 11:08:72 INFO Waithelper:106 - page is loaded
2019-08-235 12:08:789 INFO Testbase:117 - Intiliaze webdriver : 1342346098
2019-08-235 12:08:812 INFO Waithelper:32 - Implicit wait has been set to :50
2019-08-235 12:08:851 INFO Waithelper:104 - waiting for page to loadSECONDS
2019-08-235 12:08:878 INFO Waithelper:106 - page is loaded
2019-08-235 12:08:541 INFO Testbase:118 - Intiliaze webdriver : 1342346098
2019-08-235 12:08:573 INFO Waithelper:32 - Implicit wait has been set to :50
2019-08-235 12:08:617 INFO Waithelper:104 - waiting for page to loadSECONDS
2019-08-235 12:08:669 INFO Waithelper:106 - page is loaded
2019-08-235 12:08:373 INFO Testbase:118 - Intiliaze webdriver : 1342346098
2019-08-235 12:08:408 INFO Waithelper:32 - Implicit wait has been set to :50
2019-08-235 12:08:454 INFO Waithelper:104 - waiting for page to loadSECONDS
2019-08-235 12:08:493 INFO Waithelper:106 - page is loaded
2019-08-235 13:08:162 INFO Testbase:116 - Intiliaze webdriver : 1342346098
2019-08-235 13:08:185 INFO Waithelper:32 - Implicit wait has been set to :50
2019-08-235 13:08:220 INFO Waithelper:104 - waiting for page to loadSECONDS
2019-08-235 13:08:246 INFO Waithelper:106 - page is loaded
2019-08-235 13:08:567 INFO Testbase:116 - Intiliaze webdriver : 1342346098
2019-08-235 13:08:654 INFO Waithelper:32 - Implicit wait has been set to :50
2019-08-235 13:08:683 INFO Waithelper:104 - waiting for page to loadSECONDS
2019-08-235 13:08:704 INFO Waithelper:106 - page is loaded
2019-08-237 00:08:621 INFO Testbase:123 - Intiliaze webdriver : 1756573246
2019-08-237 00:08:780 INFO Waithelper:32 - Implicit wait has been set to :50
2019-08-237 00:08:788 INFO Waithelper:104 - waiting for page to loadSECONDS
2019-08-237 00:08:791 INFO Waithelper:106 - page is loaded
2019-08-237 01:08:857 INFO ExtentListener:26 - Firsttesttest Started
2019-08-237 01:08:953 INFO Testbase:123 - Intiliaze webdriver : 1752461090
2019-08-237 01:08:994 INFO Waithelper:32 - Implicit wait has been set to :50
2019-08-237 01:08:02 INFO Waithelper:104 - waiting for page to loadSECONDS
2019-08-237 01:08:05 INFO Waithelper:106 - page is loaded
2019-08-237 01:08:171 INFO ExtentListener:38 - hellotest started
2019-08-237 01:08:175 INFO ExtentListener:44 - hellotest passed
2019-08-237 01:08:967 INFO ExtentListener:38 - hellobtest started
2019-08-237 01:08:972 ERRORExtentListener:50 - hellobtest Failedjava.lang.AssertionError: expected [true] but found [false]
2019-08-237 01:08:980 INFO Testbase:135 -  driver is null so cant take screenshot
2019-08-237 01:08:136 INFO ExtentListener:38 - hellotest started
2019-08-237 01:08:145 ERRORExtentListener:50 - hellotest Failedjava.lang.AssertionError: expected [true] but found [false]
2019-08-237 01:08:150 INFO Testbase:135 -  driver is null so cant take screenshot
2019-08-237 01:08:298 INFO ExtentListener:32 - Firsttesttest Finshed
2019-08-237 01:08:304 INFO ExtentListener:26 - TakeScreenshottest Started
2019-08-237 01:08:270 INFO Testbase:123 - Intiliaze webdriver : 1003206025
2019-08-237 01:08:272 INFO Waithelper:32 - Implicit wait has been set to :50
2019-08-237 01:08:276 INFO Waithelper:104 - waiting for page to loadSECONDS
2019-08-237 01:08:281 INFO Waithelper:106 - page is loaded
2019-08-237 01:08:412 INFO ExtentListener:38 - test1test started
2019-08-237 01:08:744 INFO ExtentListener:44 - test1test passed
2019-08-237 01:08:239 INFO ExtentListener:32 - TakeScreenshottest Finshed
2019-08-237 01:08:903 INFO ExtentListener:26 - Firsttesttest Started
2019-08-237 01:08:850 INFO Testbase:123 - Intiliaze webdriver : 1752461090
2019-08-237 01:08:852 INFO Waithelper:32 - Implicit wait has been set to :50
2019-08-237 01:08:859 INFO Waithelper:104 - waiting for page to loadSECONDS
2019-08-237 01:08:863 INFO Waithelper:106 - page is loaded
2019-08-237 01:08:26 INFO ExtentListener:38 - hellotest started
2019-08-237 01:08:30 INFO ExtentListener:44 - hellotest passed
2019-08-237 01:08:778 INFO ExtentListener:38 - hellobtest started
2019-08-237 01:08:783 ERRORExtentListener:50 - hellobtest Failedjava.lang.AssertionError: expected [true] but found [false]
2019-08-237 01:08:807 INFO Testbase:135 -  driver is null so cant take screenshot
2019-08-237 01:08:925 INFO ExtentListener:38 - hellotest started
2019-08-237 01:08:933 ERRORExtentListener:50 - hellotest Failedjava.lang.AssertionError: expected [true] but found [false]
2019-08-237 01:08:938 INFO Testbase:135 -  driver is null so cant take screenshot
2019-08-237 01:08:116 INFO ExtentListener:32 - Firsttesttest Finshed
2019-08-237 01:08:119 INFO ExtentListener:26 - TakeScreenshottest Started
2019-08-237 01:08:859 INFO Testbase:123 - Intiliaze webdriver : 1003206025
2019-08-237 01:08:860 INFO Waithelper:32 - Implicit wait has been set to :50
2019-08-237 01:08:865 INFO Waithelper:104 - waiting for page to loadSECONDS
2019-08-237 01:08:870 INFO Waithelper:106 - page is loaded
2019-08-237 01:08:00 INFO ExtentListener:38 - test1test started
2019-08-237 01:08:691 INFO ExtentListener:44 - test1test passed
2019-08-237 01:08:115 INFO ExtentListener:32 - TakeScreenshottest Finshed
2019-08-237 01:08:238 INFO Testbase:123 - Intiliaze webdriver : 1342346098
2019-08-237 01:08:278 INFO Waithelper:32 - Implicit wait has been set to :50
2019-08-237 01:08:293 INFO Waithelper:104 - waiting for page to loadSECONDS
2019-08-237 01:08:309 INFO Waithelper:106 - page is loaded
2019-08-238 06:08:55 INFO ExtentListener:26 - Testtest Started
2019-08-238 06:08:218 INFO Testbase:123 - Intiliaze webdriver : 1807015220
2019-08-238 06:08:277 INFO Waithelper:32 - Implicit wait has been set to :50
2019-08-238 06:08:312 INFO Waithelper:104 - waiting for page to loadSECONDS
2019-08-238 06:08:323 INFO Waithelper:106 - page is loaded
2019-08-238 06:08:543 INFO ExtentListener:38 - test1test started
2019-08-238 06:08:698 INFO ExtentListener:44 - test1test passed
2019-08-238 06:08:864 INFO ExtentListener:32 - Testtest Finshed
2019-08-238 07:08:437 INFO ExtentListener:26 - Testtest Started
2019-08-238 07:08:904 INFO Testbase:132 - Intiliaze webdriver : 2107577743
2019-08-238 07:08:908 INFO Waithelper:32 - Implicit wait has been set to :50
2019-08-238 07:08:921 INFO Waithelper:104 - waiting for page to loadSECONDS
2019-08-238 07:08:932 INFO Waithelper:106 - page is loaded
2019-08-238 07:08:84 INFO ExtentListener:38 - test1test started
2019-08-238 07:08:950 INFO ExtentListener:44 - test1test passed
2019-08-238 07:08:720 INFO ExtentListener:32 - Testtest Finshed
2019-08-238 12:08:226 INFO ExtentListener:26 - Testtest Started
2019-08-238 12:08:345 INFO ExtentListener:38 - test1test started
2019-08-238 12:08:346 WARN ExtentListener:56 - test1test skippednull
2019-08-238 12:08:548 INFO ExtentListener:32 - Testtest Finshed
2019-08-238 12:08:751 INFO ExtentListener:26 - Testtest Started
2019-08-238 12:08:859 INFO Testbase:132 - Intiliaze webdriver : 2107577743
2019-08-238 12:08:861 INFO WaitHelper:32 - Implicit wait has been set to :50
2019-08-238 12:08:130 INFO WaitHelper:104 - waiting for page to loadSECONDS
2019-08-238 12:08:134 INFO WaitHelper:106 - page is loaded
2019-08-238 12:08:355 INFO ExtentListener:38 - test1test started
2019-08-238 12:08:713 INFO ExtentListener:44 - test1test passed
2019-08-238 12:08:391 INFO ExtentListener:32 - Testtest Finshed
2019-09-266 18:09:190 INFO Testbase:132 - Intiliaze webdriver : 238762799
2019-09-266 18:09:241 INFO WaitHelper:32 - Implicit wait has been set to :50
2019-09-266 18:09:328 INFO WaitHelper:104 - waiting for page to loadSECONDS
2019-09-266 18:09:342 INFO WaitHelper:106 - page is loaded
2019-09-266 18:09:615 INFO WaitHelper:60 - Waiting for [[ChromeDriver: chrome on XP (13da0bc5ff850badf1936b4e372ee0b0)] -> xpath: //a[@class='login']]for: 100seconds
2019-09-266 18:09:389 INFO WaitHelper:63 - element clicked
2019-09-266 18:09:591 INFO LoginPage:59 - clicked on signin link
2019-09-266 18:09:595 INFO Testbase:132 - Intiliaze webdriver : 1342346098
2019-09-266 18:09:618 INFO WaitHelper:32 - Implicit wait has been set to :50
2019-09-266 18:09:659 INFO WaitHelper:104 - waiting for page to loadSECONDS
2019-09-266 18:09:689 INFO WaitHelper:106 - page is loaded
2019-09-266 18:09:410 INFO WaitHelper:60 - Waiting for [[ChromeDriver: chrome on XP (11df97ed37145ca2c156ba2a1733643f)] -> xpath: //a[@class='login']]for: 100seconds
2019-09-266 18:09:910 INFO WaitHelper:63 - element clicked
2019-09-266 18:09:84 INFO LoginPage:59 - clicked on signin link
2019-09-266 18:09:980 INFO Testbase:132 - Intiliaze webdriver : 1342346098
2019-09-266 18:09:04 INFO WaitHelper:32 - Implicit wait has been set to :50
2019-09-266 18:09:35 INFO WaitHelper:104 - waiting for page to loadSECONDS
2019-09-266 18:09:50 INFO WaitHelper:106 - page is loaded
2019-09-266 18:09:851 INFO WaitHelper:60 - Waiting for [[ChromeDriver: chrome on XP (218fc5ec1d2ec4431412f504e66f3eb8)] -> xpath: //a[@class='login']]for: 100seconds
2019-09-266 18:09:364 INFO WaitHelper:63 - element clicked
2019-09-266 18:09:780 INFO LoginPage:59 - clicked on signin link
2019-09-266 18:09:803 INFO Testbase:132 - Intiliaze webdriver : 1342346098
2019-09-266 18:09:817 INFO WaitHelper:32 - Implicit wait has been set to :50
2019-09-266 18:09:851 INFO WaitHelper:104 - waiting for page to loadSECONDS
2019-09-266 18:09:864 INFO WaitHelper:106 - page is loaded
2019-09-266 18:09:191 INFO WaitHelper:60 - Waiting for [[ChromeDriver: chrome on XP (c626a032534c2a645aae2d214b8177ef)] -> xpath: //a[@class='login']]for: 100seconds
2019-09-266 18:09:642 INFO WaitHelper:63 - element clicked
2019-09-266 18:09:538 INFO LoginPage:58 - clicked on signin link
2019-09-266 18:09:574 INFO VerificationHelper:25 -  element is displayed MY ACCOUNT
2019-09-266 18:09:578 INFO AssertionHelper:68 - test is pass
2019-09-268 08:09:725 INFO Testbase:132 - Intiliaze webdriver : 1342346098
2019-09-268 08:09:784 INFO WaitHelper:32 - Implicit wait has been set to :50
2019-09-268 08:09:903 INFO WaitHelper:104 - waiting for page to loadSECONDS
2019-09-268 08:09:912 INFO WaitHelper:106 - page is loaded
2019-09-268 08:09:778 INFO WaitHelper:60 - Waiting for [[ChromeDriver: chrome on XP (5156d2738d4f66b39a1548a2cd898cd6)] -> xpath: //a[@class='login']]for: 100seconds
2019-09-268 08:09:490 INFO WaitHelper:63 - element clicked
2019-09-268 08:09:518 INFO LoginPage:58 - clicked on signin link
2019-09-268 08:09:466 INFO VerificationHelper:25 -  element is displayed MY ACCOUNT
2019-09-268 08:09:466 INFO LoginTest:24 -  Login sucessfully and redirectrec to my account page 
2019-09-268 08:09:467 INFO AssertionHelper:68 - test is pass
2019-09-268 08:09:468 INFO Testbase:132 - Intiliaze webdriver : 1342346098
2019-09-268 08:09:517 INFO WaitHelper:32 - Implicit wait has been set to :50
2019-09-268 08:09:525 INFO WaitHelper:104 - waiting for page to loadSECONDS
2019-09-268 08:09:531 INFO WaitHelper:106 - page is loaded
2019-09-268 08:09:575 INFO WaitHelper:60 - Waiting for [[ChromeDriver: chrome on XP (0931581762d11dafb85e3fd0ac65e747)] -> xpath: //a[@class='login']]for: 100seconds
2019-09-268 08:09:715 INFO WaitHelper:63 - element clicked
2019-09-268 08:09:480 INFO LoginPage:58 - clicked on signin link
2019-09-268 08:09:704 INFO WaitHelper:60 - Waiting for Proxy element for: DefaultElementLocator 'By.xpath: //input[@id='customer_firstname']'for: 100seconds
2019-09-268 10:09:774 INFO Testbase:132 - Intiliaze webdriver : 1342346098
2019-09-268 10:09:909 INFO WaitHelper:32 - Implicit wait has been set to :50
2019-09-268 10:09:85 INFO WaitHelper:104 - waiting for page to loadSECONDS
2019-09-268 10:09:104 INFO WaitHelper:106 - page is loaded
2019-09-268 10:09:426 INFO WaitHelper:60 - Waiting for [[ChromeDriver: chrome on XP (e04f53a3b459b1692e017f496001cdd3)] -> xpath: //a[@class='login']]for: 100seconds
2019-09-268 10:09:159 INFO WaitHelper:63 - element clicked
2019-09-268 10:09:756 INFO LoginPage:58 - clicked on signin link
2019-09-268 10:09:452 INFO WaitHelper:60 - Waiting for Proxy element for: DefaultElementLocator 'By.xpath: //input[@id='customer_firstname']'for: 100seconds
2019-09-268 10:09:02 INFO Testbase:132 - Intiliaze webdriver : 1342346098
2019-09-268 10:09:43 INFO WaitHelper:32 - Implicit wait has been set to :50
2019-09-268 10:09:64 INFO WaitHelper:104 - waiting for page to loadSECONDS
2019-09-268 10:09:75 INFO WaitHelper:106 - page is loaded
2019-09-268 10:09:581 INFO WaitHelper:60 - Waiting for [[ChromeDriver: chrome on XP (c7b2c19b636cf3cdd2b6f4424785de6a)] -> xpath: //a[@class='login']]for: 100seconds
2019-09-268 10:09:60 INFO WaitHelper:63 - element clicked
2019-09-268 10:09:981 INFO LoginPage:58 - clicked on signin link
2019-09-268 10:09:944 INFO WaitHelper:60 - Waiting for Proxy element for: DefaultElementLocator 'By.xpath: //input[@id='customer_firstname']'for: 100seconds
2019-09-268 10:09:524 INFO Testbase:132 - Intiliaze webdriver : 1342346098
2019-09-268 10:09:538 INFO WaitHelper:32 - Implicit wait has been set to :50
2019-09-268 10:09:564 INFO WaitHelper:104 - waiting for page to loadSECONDS
2019-09-268 10:09:581 INFO WaitHelper:106 - page is loaded
2019-09-268 10:09:480 INFO WaitHelper:60 - Waiting for [[ChromeDriver: chrome on XP (3e76072d762d51a3dd4522255d0849f9)] -> xpath: //a[@class='login']]for: 100seconds
2019-09-268 10:09:945 INFO WaitHelper:63 - element clicked
2019-09-268 10:09:824 INFO LoginPage:58 - clicked on signin link
2019-09-268 10:09:598 INFO WaitHelper:60 - Waiting for [[ChromeDriver: chrome on XP (3e76072d762d51a3dd4522255d0849f9)] -> xpath: //input[@id='customer_firstname']]for: 100seconds
2019-09-268 10:09:12 INFO WaitHelper:63 - element clicked
2019-09-268 10:09:102 INFO WaitHelper:60 - Waiting for [[ChromeDriver: chrome on XP (3e76072d762d51a3dd4522255d0849f9)] -> xpath: //input[@id='customer_firstname']]for: 100seconds
2019-09-268 10:09:274 INFO WaitHelper:63 - element clicked
2019-09-268 11:09:665 INFO Testbase:132 - Intiliaze webdriver : 1342346098
2019-09-268 11:09:755 INFO WaitHelper:32 - Implicit wait has been set to :50
2019-09-268 11:09:854 INFO WaitHelper:104 - waiting for page to loadSECONDS
2019-09-268 11:09:870 INFO WaitHelper:106 - page is loaded
2019-09-268 11:09:892 INFO WaitHelper:60 - Waiting for [[ChromeDriver: chrome on XP (3c2a668e4930bf57caa3d24f40a69e4c)] -> xpath: //a[@class='login']]for: 100seconds
2019-09-268 11:09:486 INFO WaitHelper:63 - element clicked
2019-09-268 11:09:857 INFO LoginPage:58 - clicked on signin link
2019-09-268 11:09:669 INFO WaitHelper:60 - Waiting for [[ChromeDriver: chrome on XP (3c2a668e4930bf57caa3d24f40a69e4c)] -> xpath: //input[@id='customer_firstname']]for: 100seconds
2019-09-268 11:09:527 INFO WaitHelper:63 - element clicked
2019-09-268 11:09:384 INFO WaitHelper:60 - Waiting for [[ChromeDriver: chrome on XP (3c2a668e4930bf57caa3d24f40a69e4c)] -> xpath: //input[@id='customer_firstname']]for: 100seconds
2019-09-268 11:09:577 INFO WaitHelper:63 - element clicked
2019-09-268 11:09:260 INFO Testbase:132 - Intiliaze webdriver : 1342346098
2019-09-268 11:09:281 INFO WaitHelper:32 - Implicit wait has been set to :50
2019-09-268 11:09:314 INFO WaitHelper:104 - waiting for page to loadSECONDS
2019-09-268 11:09:331 INFO WaitHelper:106 - page is loaded
2019-09-268 11:09:822 INFO WaitHelper:60 - Waiting for [[ChromeDriver: chrome on XP (ac87fe41cc26ef58681e9ed413c8ec43)] -> xpath: //a[@class='login']]for: 100seconds
2019-09-268 11:09:664 INFO WaitHelper:63 - element clicked
2019-09-268 11:09:890 INFO LoginPage:58 - clicked on signin link
2019-09-268 11:09:15 INFO WaitHelper:60 - Waiting for [[ChromeDriver: chrome on XP (ac87fe41cc26ef58681e9ed413c8ec43)] -> xpath: //input[@id='customer_firstname']]for: 100seconds
2019-09-268 11:09:451 INFO WaitHelper:63 - element clicked
2019-09-268 11:09:618 INFO WaitHelper:60 - Waiting for [[ChromeDriver: chrome on XP (ac87fe41cc26ef58681e9ed413c8ec43)] -> xpath: //input[@id='customer_firstname']]for: 100seconds
2019-09-268 11:09:803 INFO WaitHelper:63 - element clicked
2019-09-268 11:09:423 INFO RegistrationPage:124 -  new registration submitted
2019-09-268 11:09:576 INFO WaitHelper:60 - Waiting for [[ChromeDriver: chrome on XP (ac87fe41cc26ef58681e9ed413c8ec43)] -> xpath: //*[@id="center_column"]/h1]for: 100seconds
2019-09-268 11:09:795 INFO WaitHelper:63 - element clicked
2019-09-268 11:09:521 INFO WaitHelper:60 - Waiting for [[ChromeDriver: chrome on XP (ac87fe41cc26ef58681e9ed413c8ec43)] -> xpath: //*[@id="center_column"]/h1]for: 100seconds
2019-09-268 11:09:731 INFO WaitHelper:63 - element clicked
2019-09-268 11:09:640 INFO VerificationHelper:25 -  element is displayed Welcome to your account. Here you can manage all of your personal information and orders.
2019-09-268 11:09:659 INFO AssertionHelper:68 - test is pass
2019-09-270 10:09:269 INFO Testbase:122 - session not created: This version of ChromeDriver only supports Chrome version 75
Build info: version: '3.141.59', revision: 'e82be7d358', time: '2018-11-14T08:17:03'
System info: host: 'DILIGENCESOFT', ip: '192.168.0.104', os.name: 'Windows 10', os.arch: 'amd64', os.version: '10.0', java.version: '1.8.0_201'
Driver info: driver.version: ChromeDriver
remote stacktrace: Backtrace:
	Ordinal0 [0x00A61B23+1448739]
	Ordinal0 [0x009E5A11+940561]
	Ordinal0 [0x00972293+467603]
	Ordinal0 [0x0090F27E+62078]
	Ordinal0 [0x0090BBBD+48061]
	Ordinal0 [0x00928D19+167193]
	Ordinal0 [0x009288ED+166125]
	Ordinal0 [0x00926FFB+159739]
	Ordinal0 [0x009109F6+68086]
	Ordinal0 [0x00911990+72080]
	Ordinal0 [0x00911929+71977]
	GetHandleVerifier [0x00BA2E4C+1172140]
	GetHandleVerifier [0x00AFFE35+504469]
	GetHandleVerifier [0x00AFFBD0+503856]
	Ordinal0 [0x00A6C9A8+1493416]
	GetHandleVerifier [0x00B0060A+506474]
	Ordinal0 [0x009F7136+1012022]
	Ordinal0 [0x009F6FAF+1011631]
	Ordinal0 [0x00A0133B+1053499]
	Ordinal0 [0x00A014A3+1053859]
	Ordinal0 [0x00A004D5+1049813]
	BaseThreadInitThunk [0x761D0419+25]
	RtlGetAppContainerNamedObjectPath [0x7769662D+237]
	RtlGetAppContainerNamedObjectPath [0x776965FD+189]

2019-09-270 10:09:463 INFO Testbase:122 - session not created: This version of ChromeDriver only supports Chrome version 75
Build info: version: '3.141.59', revision: 'e82be7d358', time: '2018-11-14T08:17:03'
System info: host: 'DILIGENCESOFT', ip: '192.168.0.104', os.name: 'Windows 10', os.arch: 'amd64', os.version: '10.0', java.version: '1.8.0_201'
Driver info: driver.version: ChromeDriver
remote stacktrace: Backtrace:
	Ordinal0 [0x00A61B23+1448739]
	Ordinal0 [0x009E5A11+940561]
	Ordinal0 [0x00972293+467603]
	Ordinal0 [0x0090F27E+62078]
	Ordinal0 [0x0090BBBD+48061]
	Ordinal0 [0x00928D19+167193]
	Ordinal0 [0x009288ED+166125]
	Ordinal0 [0x00926FFB+159739]
	Ordinal0 [0x009109F6+68086]
	Ordinal0 [0x00911990+72080]
	Ordinal0 [0x00911929+71977]
	GetHandleVerifier [0x00BA2E4C+1172140]
	GetHandleVerifier [0x00AFFE35+504469]
	GetHandleVerifier [0x00AFFBD0+503856]
	Ordinal0 [0x00A6C9A8+1493416]
	GetHandleVerifier [0x00B0060A+506474]
	Ordinal0 [0x009F7136+1012022]
	Ordinal0 [0x009F6FAF+1011631]
	Ordinal0 [0x00A0133B+1053499]
	Ordinal0 [0x00A014A3+1053859]
	Ordinal0 [0x00A004D5+1049813]
	BaseThreadInitThunk [0x761D0419+25]
	RtlGetAppContainerNamedObjectPath [0x7769662D+237]
	RtlGetAppContainerNamedObjectPath [0x776965FD+189]

2019-09-270 10:09:101 INFO Testbase:122 - session not created: This version of ChromeDriver only supports Chrome version 75
Build info: version: '3.141.59', revision: 'e82be7d358', time: '2018-11-14T08:17:03'
System info: host: 'DILIGENCESOFT', ip: '192.168.0.104', os.name: 'Windows 10', os.arch: 'amd64', os.version: '10.0', java.version: '1.8.0_201'
Driver info: driver.version: ChromeDriver
remote stacktrace: Backtrace:
	Ordinal0 [0x00A61B23+1448739]
	Ordinal0 [0x009E5A11+940561]
	Ordinal0 [0x00972293+467603]
	Ordinal0 [0x0090F27E+62078]
	Ordinal0 [0x0090BBBD+48061]
	Ordinal0 [0x00928D19+167193]
	Ordinal0 [0x009288ED+166125]
	Ordinal0 [0x00926FFB+159739]
	Ordinal0 [0x009109F6+68086]
	Ordinal0 [0x00911990+72080]
	Ordinal0 [0x00911929+71977]
	GetHandleVerifier [0x00BA2E4C+1172140]
	GetHandleVerifier [0x00AFFE35+504469]
	GetHandleVerifier [0x00AFFBD0+503856]
	Ordinal0 [0x00A6C9A8+1493416]
	GetHandleVerifier [0x00B0060A+506474]
	Ordinal0 [0x009F7136+1012022]
	Ordinal0 [0x009F6FAF+1011631]
	Ordinal0 [0x00A0133B+1053499]
	Ordinal0 [0x00A014A3+1053859]
	Ordinal0 [0x00A004D5+1049813]
	BaseThreadInitThunk [0x761D0419+25]
	RtlGetAppContainerNamedObjectPath [0x7769662D+237]
	RtlGetAppContainerNamedObjectPath [0x776965FD+189]

2019-09-270 11:09:898 INFO Testbase:132 - Intiliaze webdriver : 1342346098
2019-09-270 11:09:923 INFO WaitHelper:32 - Implicit wait has been set to :50
2019-09-270 11:09:948 INFO WaitHelper:104 - waiting for page to loadSECONDS
2019-09-270 11:09:972 INFO WaitHelper:106 - page is loaded
2019-09-270 11:09:972 INFO WaitHelper:60 - Waiting for [[ChromeDriver: chrome on XP (eeecfb018df644465e7fcfc4967625d9)] -> xpath: //li/a[@title='Women']]for: 100seconds
2019-09-270 11:09:731 INFO WaitHelper:63 - element clicked
2019-09-270 11:09:987 INFO NavigationMenu:62 - clciking onWOMEN
2019-09-270 11:09:741 INFO WaitHelper:60 - Waiting for [[ChromeDriver: chrome on XP (eeecfb018df644465e7fcfc4967625d9)] -> xpath: //div[@id='layered_block_left']/p]for: 100seconds
2019-09-270 11:09:12 INFO WaitHelper:63 - element clicked
2019-09-270 11:09:396 INFO DropdownHelper:41 - Select by using visbleText Price: Lowest first
2019-09-270 11:09:82 INFO ProductCategoryPage:166 - 16.51
2019-09-270 11:09:152 INFO ProductCategoryPage:166 - 27.00
2019-09-270 11:09:255 INFO ProductCategoryPage:166 - 26.00
2019-09-270 11:09:347 INFO ProductCategoryPage:166 - 50.99
2019-09-270 11:09:429 INFO ProductCategoryPage:166 - 28.98
2019-09-270 11:09:494 INFO ProductCategoryPage:166 - 30.50
2019-09-270 11:09:580 INFO ProductCategoryPage:166 - 16.40
2019-09-270 11:09:582 INFO ProductCategoryPage:150 - obj.get(i)..16
2019-09-270 11:09:584 INFO ProductCategoryPage:151 - obj.get(i+1)..27
2019-09-270 11:09:585 INFO ProductCategoryPage:153 - price filter is not working
2019-09-270 11:09:589 INFO AssertionHelper:74 - test is fail
2019-09-270 11:09:663 INFO Testbase:132 - Intiliaze webdriver : 1342346098
2019-09-270 11:09:679 INFO WaitHelper:32 - Implicit wait has been set to :50
2019-09-270 11:09:704 INFO WaitHelper:104 - waiting for page to loadSECONDS
2019-09-270 11:09:717 INFO WaitHelper:106 - page is loaded
2019-09-270 11:09:09 INFO WaitHelper:60 - Waiting for [[ChromeDriver: chrome on XP (bfeea22ce2952872ea8a3cd70b87ba1e)] -> xpath: //li/a[@title='Women']]for: 100seconds
2019-09-270 11:09:823 INFO WaitHelper:63 - element clicked
2019-09-270 12:09:864 INFO Testbase:132 - Intiliaze webdriver : 1342346098
2019-09-270 12:09:969 INFO WaitHelper:32 - Implicit wait has been set to :50
2019-09-270 12:09:33 INFO WaitHelper:104 - waiting for page to loadSECONDS
2019-09-270 12:09:51 INFO WaitHelper:106 - page is loaded
2019-09-270 12:09:929 INFO WaitHelper:60 - Waiting for [[ChromeDriver: chrome on XP (ef7e868222e56f947f7e5057a9f544e4)] -> xpath: //li/a[@title='Women']]for: 100seconds
2019-09-270 12:09:331 INFO WaitHelper:63 - element clicked
2019-09-273 18:09:504 INFO Testbase:132 - Intiliaze webdriver : 1342346098
2019-09-273 18:09:657 INFO WaitHelper:32 - Implicit wait has been set to :50
2019-09-273 18:09:797 INFO WaitHelper:104 - waiting for page to loadSECONDS
2019-09-273 18:09:803 INFO WaitHelper:106 - page is loaded
2019-09-273 18:09:05 INFO WaitHelper:60 - Waiting for [[ChromeDriver: chrome on XP (78ea341f0e93723f27e9eefe195018c7)] -> xpath: //li/a[@title='Women']]for: 100seconds
2019-09-273 18:09:534 INFO WaitHelper:63 - element clicked
2019-09-273 18:09:355 INFO NavigationMenu:62 - clciking onWOMEN
2019-09-273 18:09:814 INFO WaitHelper:60 - Waiting for [[ChromeDriver: chrome on XP (78ea341f0e93723f27e9eefe195018c7)] -> xpath: //div[@id='layered_block_left']/p]for: 100seconds
2019-09-273 18:09:883 INFO WaitHelper:63 - element clicked
2019-09-273 19:09:900 INFO Testbase:132 - Intiliaze webdriver : 1342346098
2019-09-273 19:09:904 INFO WaitHelper:32 - Implicit wait has been set to :50
2019-09-273 19:09:912 INFO WaitHelper:104 - waiting for page to loadSECONDS
2019-09-273 19:09:918 INFO WaitHelper:106 - page is loaded
2019-09-273 19:09:560 INFO WaitHelper:60 - Waiting for [[ChromeDriver: chrome on XP (82434886f3ca1c0e0a966e98c4aa3e77)] -> xpath: //li/a[@title='Women']]for: 100seconds
2019-09-273 19:09:698 INFO WaitHelper:63 - element clicked
2019-09-273 19:09:821 INFO NavigationMenu:62 - clciking onWOMEN
2019-09-273 19:09:435 INFO WaitHelper:60 - Waiting for [[ChromeDriver: chrome on XP (82434886f3ca1c0e0a966e98c4aa3e77)] -> xpath: //div[@id='layered_block_left']/p]for: 100seconds
2019-09-273 19:09:504 INFO WaitHelper:63 - element clicked
2019-09-273 19:09:482 INFO ProductCategoryPage:61 - doing mouse over on: 1..product
2019-09-273 19:09:665 INFO ProductCategoryPage:66 - clicking on cart button
2019-09-273 19:09:817 INFO ProductCategoryPage:71 - clicking on product to checkout: 
2019-09-273 19:09:590 INFO WaitHelper:60 - Waiting for Proxy element for: DefaultElementLocator 'By.xpath: //*[@id="order_step"]/li[1]/span/text()'for: 100seconds
2019-09-273 19:09:309 INFO Testbase:132 - Intiliaze webdriver : 1342346098
2019-09-273 19:09:325 INFO WaitHelper:32 - Implicit wait has been set to :50
2019-09-273 19:09:345 INFO WaitHelper:104 - waiting for page to loadSECONDS
2019-09-273 19:09:360 INFO WaitHelper:106 - page is loaded
2019-09-273 19:09:312 INFO WaitHelper:60 - Waiting for [[ChromeDriver: chrome on XP (a9434c60f93c4c135818f5ecf2dd3b44)] -> xpath: //li/a[@title='Women']]for: 100seconds
2019-09-273 19:09:458 INFO WaitHelper:63 - element clicked
2019-09-273 19:09:183 INFO NavigationMenu:62 - clciking onWOMEN
2019-09-273 19:09:574 INFO WaitHelper:60 - Waiting for [[ChromeDriver: chrome on XP (a9434c60f93c4c135818f5ecf2dd3b44)] -> xpath: //div[@id='layered_block_left']/p]for: 100seconds
2019-09-273 19:09:640 INFO WaitHelper:63 - element clicked
2019-09-273 19:09:574 INFO ProductCategoryPage:61 - doing mouse over on: 1..product
2019-09-273 19:09:750 INFO ProductCategoryPage:66 - clicking on cart button
2019-09-273 19:09:887 INFO ProductCategoryPage:71 - clicking on product to checkout: 
2019-09-273 19:09:446 INFO WaitHelper:60 - Waiting for Proxy element for: DefaultElementLocator 'By.xpath: //*[@id="order_step"]/li[1]/span/'for: 100seconds
2019-09-273 19:09:452 INFO Testbase:132 - Intiliaze webdriver : 1342346098
2019-09-273 19:09:507 INFO WaitHelper:32 - Implicit wait has been set to :50
2019-09-273 19:09:523 INFO WaitHelper:104 - waiting for page to loadSECONDS
2019-09-273 19:09:539 INFO WaitHelper:106 - page is loaded
2019-09-273 19:09:706 INFO WaitHelper:60 - Waiting for [[ChromeDriver: chrome on XP (4ba46da6f5a54cfca3d6fa86964e477d)] -> xpath: //li/a[@title='Women']]for: 100seconds
2019-09-273 19:09:857 INFO WaitHelper:63 - element clicked
2019-09-273 19:09:531 INFO NavigationMenu:62 - clciking onWOMEN
2019-09-273 19:09:789 INFO WaitHelper:60 - Waiting for [[ChromeDriver: chrome on XP (4ba46da6f5a54cfca3d6fa86964e477d)] -> xpath: //div[@id='layered_block_left']/p]for: 100seconds
2019-09-273 19:09:859 INFO WaitHelper:63 - element clicked
2019-09-273 19:09:863 INFO ProductCategoryPage:61 - doing mouse over on: 1..product
2019-09-273 19:09:36 INFO ProductCategoryPage:66 - clicking on cart button
2019-09-273 19:09:188 INFO ProductCategoryPage:71 - clicking on product to checkout: 
2019-09-273 19:09:474 INFO WaitHelper:60 - Waiting for [[ChromeDriver: chrome on XP (4ba46da6f5a54cfca3d6fa86964e477d)] -> xpath: //*[contains(text(),'Shopping-cart summary')]]for: 100seconds
2019-09-273 19:09:536 INFO WaitHelper:63 - element clicked
2019-09-273 19:09:904 INFO WaitHelper:60 - Waiting for [[ChromeDriver: chrome on XP (4ba46da6f5a54cfca3d6fa86964e477d)] -> xpath: //*[contains(text(),'Shopping-cart summary')]]for: 100seconds
2019-09-273 19:09:953 INFO WaitHelper:63 - element clicked
2019-09-273 19:09:350 INFO VerificationHelper:25 -  element is displayed SHOPPING-CART SUMMARY
Your shopping cart contains: 1 Product
2019-09-273 19:09:352 INFO AssertionHelper:68 - test is pass
2019-09-273 19:09:744 INFO Testbase:132 - Intiliaze webdriver : 1342346098
2019-09-273 19:09:748 INFO WaitHelper:32 - Implicit wait has been set to :50
2019-09-273 19:09:756 INFO WaitHelper:104 - waiting for page to loadSECONDS
2019-09-273 19:09:761 INFO WaitHelper:106 - page is loaded
2019-09-273 19:09:569 INFO WaitHelper:60 - Waiting for [[ChromeDriver: chrome on XP (b71deb2534719bee21c60ed1cff84070)] -> xpath: //li/a[@title='Women']]for: 100seconds
2019-09-273 19:09:702 INFO WaitHelper:63 - element clicked
2019-09-273 19:09:443 INFO NavigationMenu:62 - clciking onWOMEN
2019-09-273 19:09:848 INFO WaitHelper:60 - Waiting for [[ChromeDriver: chrome on XP (b71deb2534719bee21c60ed1cff84070)] -> xpath: //div[@id='layered_block_left']/p]for: 100seconds
2019-09-273 19:09:915 INFO WaitHelper:63 - element clicked
2019-09-273 19:09:887 INFO ProductCategoryPage:61 - doing mouse over on: 1..product
2019-09-273 19:09:57 INFO ProductCategoryPage:66 - clicking on cart button
2019-09-273 19:09:182 INFO ProductCategoryPage:71 - clicking on product to checkout: 
2019-09-273 19:09:638 INFO WaitHelper:60 - Waiting for [[ChromeDriver: chrome on XP (b71deb2534719bee21c60ed1cff84070)] -> xpath: //*[contains(text(),'Shopping-cart summary')]]for: 100seconds
2019-09-273 19:09:696 INFO WaitHelper:63 - element clicked
2019-09-273 19:09:59 INFO WaitHelper:60 - Waiting for [[ChromeDriver: chrome on XP (b71deb2534719bee21c60ed1cff84070)] -> xpath: //*[contains(text(),'Shopping-cart summary')]]for: 100seconds
2019-09-273 19:09:107 INFO WaitHelper:63 - element clicked
2019-09-273 19:09:516 INFO VerificationHelper:25 -  element is displayed Your shopping cart contains: 1 Product
2019-09-273 19:09:517 INFO AssertionHelper:68 - test is pass
