<?xml version="1.0" encoding="UTF-8"?>
<!-- Generated by org.testng.reporters.JUnitXMLReporter -->
<testsuite hostname="Diligencesoft" name="VerifyLowestFirstpriceFilter" tests="1" failures="1" timestamp="6 Oct 2019 09:48:07 GMT" time="43.338" errors="0">
  <testcase name="verifyLowestFirstPriceList" time="30.863" classname="framework.projectname.testscripts.productDetails.VerifyLowestFirstpriceFilter">
    <failure type="java.lang.AssertionError" message="expected [true] but found [false]">
      <![CDATA[java.lang.AssertionError: expected [true] but found [false]
	at framework.projectname.helper.assertion.AssertionHelper.fail(AssertionHelper.java:75)
	at framework.projectname.helper.assertion.AssertionHelper.updateTestStatus(AssertionHelper.java:85)
	at framework.projectname.testscripts.productDetails.VerifyLowestFirstpriceFilter.verifyLowestFirstPriceList(VerifyLowestFirstpriceFilter.java:40)
... Removed 29 stack frames]]>
    </failure>
  </testcase> <!-- verifyLowestFirstPriceList -->
</testsuite> <!-- VerifyLowestFirstpriceFilter -->
