<?xml version="1.0" encoding="UTF-8"?>
<testng-results skipped="0" failed="0" total="1" passed="1">
  <reporter-output>
    <line>
      <![CDATA[Testtest Started]]>
    </line>
    <line>
      <![CDATA[test1test started]]>
    </line>
    <line>
      <![CDATA[<a href='C:\Users\Diligence soft\git\POMstudy\src\main\Resources\screenshot\First screenshot_26_08_2019_12_47_06.png'><img src='C:\Users\Diligence soft\git\POMstudy\src\main\Resources\screenshot\First screenshot_26_08_2019_12_47_06.png'height='100' width='100'/></a>]]>
    </line>
    <line>
      <![CDATA[test1test Passed]]>
    </line>
    <line>
      <![CDATA[<a href='C:\Users\Diligence soft\git\POMstudy\src\main\Resources\screenshot\test1_26_08_2019_12_47_06.png'><img src='C:\Users\Diligence soft\git\POMstudy\src\main\Resources\screenshot\test1_26_08_2019_12_47_06.png'height='100' width='100'/></a>]]>
    </line>
  </reporter-output>
  <suite name="Suite" duration-ms="21620" started-at="2019-08-26T07:16:47Z" finished-at="2019-08-26T07:17:09Z">
    <groups>
    </groups>
    <test name="Test" duration-ms="21620" started-at="2019-08-26T07:16:47Z" finished-at="2019-08-26T07:17:09Z">
      <class name="framework.projectname.testscripts.TakeScreenshot">
        <test-method status="PASS" signature="beforesuit()[pri:0, instance:framework.projectname.testscripts.TakeScreenshot@3632be31]" name="beforesuit" is-config="true" duration-ms="241" started-at="2019-08-26T12:46:47Z" finished-at="2019-08-26T12:46:47Z">
          <reporter-output>
          </reporter-output>
        </test-method> <!-- beforesuit -->
        <test-method status="PASS" signature="beforetest()[pri:0, instance:framework.projectname.testscripts.TakeScreenshot@3632be31]" name="beforetest" is-config="true" duration-ms="15505" started-at="2019-08-26T12:46:47Z" finished-at="2019-08-26T12:47:03Z">
          <reporter-output>
          </reporter-output>
        </test-method> <!-- beforetest -->
        <test-method status="PASS" signature="beforeclass()[pri:0, instance:framework.projectname.testscripts.TakeScreenshot@3632be31]" name="beforeclass" is-config="true" duration-ms="51" started-at="2019-08-26T12:47:03Z" finished-at="2019-08-26T12:47:03Z">
          <reporter-output>
          </reporter-output>
        </test-method> <!-- beforeclass -->
        <test-method status="PASS" signature="beforeMethod(java.lang.reflect.Method)[pri:0, instance:framework.projectname.testscripts.TakeScreenshot@3632be31]" name="beforeMethod" is-config="true" duration-ms="19" started-at="2019-08-26T12:47:03Z" finished-at="2019-08-26T12:47:03Z">
          <params>
            <param index="0">
              <value>
                <![CDATA[public void framework.projectname.testscripts.TakeScreenshot.test1()]]>
              </value>
            </param>
          </params>
          <reporter-output>
          </reporter-output>
        </test-method> <!-- beforeMethod -->
        <test-method status="PASS" signature="test1()[pri:0, instance:framework.projectname.testscripts.TakeScreenshot@3632be31]" name="test1" duration-ms="3363" started-at="2019-08-26T12:47:03Z" finished-at="2019-08-26T12:47:06Z">
          <reporter-output>
            <line>
              <![CDATA[<a href='C:\Users\Diligence soft\git\POMstudy\src\main\Resources\screenshot\First screenshot_26_08_2019_12_47_06.png'><img src='C:\Users\Diligence soft\git\POMstudy\src\main\Resources\screenshot\First screenshot_26_08_2019_12_47_06.png'height='100' width='100'/></a>]]>
            </line>
            <line>
              <![CDATA[test1test Passed]]>
            </line>
          </reporter-output>
        </test-method> <!-- test1 -->
        <test-method status="PASS" signature="AfterMethod(org.testng.ITestResult)[pri:0, instance:framework.projectname.testscripts.TakeScreenshot@3632be31]" name="AfterMethod" is-config="true" duration-ms="1826" started-at="2019-08-26T12:47:06Z" finished-at="2019-08-26T12:47:08Z">
          <params>
            <param index="0">
              <value>
                <![CDATA[[TestResult name=test1 status=SUCCESS method=TakeScreenshot.test1()[pri:0, instance:framework.projectname.testscripts.TakeScreenshot@3632be31] output=<a href='C:\Users\Diligence soft\git\POMstudy\src\main\Resources\screenshot\First screenshot_26_08_2019_12_47_06.png'><img src='C:\Users\Diligence soft\git\POMstudy\src\main\Resources\screenshot\First screenshot_26_08_2019_12_47_06.png'height='100' width='100'/></a>]]]>
              </value>
            </param>
          </params>
          <reporter-output>
            <line>
              <![CDATA[<a href='C:\Users\Diligence soft\git\POMstudy\src\main\Resources\screenshot\test1_26_08_2019_12_47_06.png'><img src='C:\Users\Diligence soft\git\POMstudy\src\main\Resources\screenshot\test1_26_08_2019_12_47_06.png'height='100' width='100'/></a>]]>
            </line>
          </reporter-output>
        </test-method> <!-- AfterMethod -->
        <test-method status="PASS" signature="afterTest()[pri:0, instance:framework.projectname.testscripts.TakeScreenshot@3632be31]" name="afterTest" is-config="true" duration-ms="818" started-at="2019-08-26T12:47:08Z" finished-at="2019-08-26T12:47:09Z">
          <reporter-output>
          </reporter-output>
        </test-method> <!-- afterTest -->
      </class> <!-- framework.projectname.testscripts.TakeScreenshot -->
    </test> <!-- Test -->
  </suite> <!-- Suite -->
</testng-results>
