<?xml version="1.0" encoding="UTF-8"?>
<testng-results skipped="0" failed="0" total="1" passed="1">
  <reporter-output>
    <line>
      <![CDATA[<a href='C:\Users\Diligence soft\git\POMstudy\src\main\Resources\screenshot\Blank_30_09_2019_07_40_24.png'><img src='C:\Users\Diligence soft\git\POMstudy\src\main\Resources\screenshot\Blank_30_09_2019_07_40_24.png'height='100' width='100'/></a>]]>
    </line>
    <line>
      <![CDATA[<a href='C:\Users\Diligence soft\git\POMstudy\src\main\Resources\screenshot\Blank_30_09_2019_07_40_29.png'><img src='C:\Users\Diligence soft\git\POMstudy\src\main\Resources\screenshot\Blank_30_09_2019_07_40_29.png'height='100' width='100'/></a>]]>
    </line>
    <line>
      <![CDATA[<a href='C:\Users\Diligence soft\git\POMstudy\src\main\Resources\screenshot\Blank_30_09_2019_07_40_34.png'><img src='C:\Users\Diligence soft\git\POMstudy\src\main\Resources\screenshot\Blank_30_09_2019_07_40_34.png'height='100' width='100'/></a>]]>
    </line>
    <line>
      <![CDATA[<a href='C:\Users\Diligence soft\git\POMstudy\src\main\Resources\screenshot\Blank_30_09_2019_07_40_35.png'><img src='C:\Users\Diligence soft\git\POMstudy\src\main\Resources\screenshot\Blank_30_09_2019_07_40_35.png'height='100' width='100'/></a>]]>
    </line>
    <line>
      <![CDATA[<a href='C:\Users\Diligence soft\git\POMstudy\src\main\Resources\screenshot\gotocartpage_30_09_2019_07_40_35.png'><img src='C:\Users\Diligence soft\git\POMstudy\src\main\Resources\screenshot\gotocartpage_30_09_2019_07_40_35.png'height='100' width='100'/></a>]]>
    </line>
  </reporter-output>
  <suite name="Default suite" duration-ms="24799" started-at="2019-09-30T14:10:11Z" finished-at="2019-09-30T14:10:36Z">
    <groups>
    </groups>
    <test name="Default test" duration-ms="24799" started-at="2019-09-30T14:10:11Z" finished-at="2019-09-30T14:10:36Z">
      <class name="framework.projectname.testscripts.productDetails.GoToCart">
        <test-method status="PASS" signature="beforesuit()[pri:0, instance:framework.projectname.testscripts.productDetails.GoToCart@52a86356]" name="beforesuit" is-config="true" duration-ms="300" started-at="2019-09-30T19:40:11Z" finished-at="2019-09-30T19:40:11Z">
          <reporter-output>
          </reporter-output>
        </test-method> <!-- beforesuit -->
        <test-method status="PASS" signature="beforetest()[pri:0, instance:framework.projectname.testscripts.productDetails.GoToCart@52a86356]" name="beforetest" is-config="true" duration-ms="5459" started-at="2019-09-30T19:40:11Z" finished-at="2019-09-30T19:40:16Z">
          <reporter-output>
          </reporter-output>
        </test-method> <!-- beforetest -->
        <test-method status="PASS" signature="beforeclass()[pri:0, instance:framework.projectname.testscripts.productDetails.GoToCart@52a86356]" name="beforeclass" is-config="true" duration-ms="2" started-at="2019-09-30T19:40:16Z" finished-at="2019-09-30T19:40:16Z">
          <reporter-output>
          </reporter-output>
        </test-method> <!-- beforeclass -->
        <test-method status="PASS" signature="beforeMethod(java.lang.reflect.Method)[pri:0, instance:framework.projectname.testscripts.productDetails.GoToCart@52a86356]" name="beforeMethod" is-config="true" duration-ms="9" started-at="2019-09-30T19:40:16Z" finished-at="2019-09-30T19:40:16Z">
          <params>
            <param index="0">
              <value>
                <![CDATA[public void framework.projectname.testscripts.productDetails.GoToCart.gotocartpage() throws java.lang.InterruptedException]]>
              </value>
            </param>
          </params>
          <reporter-output>
          </reporter-output>
        </test-method> <!-- beforeMethod -->
        <test-method status="PASS" signature="gotocartpage()[pri:0, instance:framework.projectname.testscripts.productDetails.GoToCart@52a86356]" name="gotocartpage" duration-ms="18610" started-at="2019-09-30T19:40:16Z" finished-at="2019-09-30T19:40:35Z">
          <reporter-output>
            <line>
              <![CDATA[<a href='C:\Users\Diligence soft\git\POMstudy\src\main\Resources\screenshot\Blank_30_09_2019_07_40_24.png'><img src='C:\Users\Diligence soft\git\POMstudy\src\main\Resources\screenshot\Blank_30_09_2019_07_40_24.png'height='100' width='100'/></a>]]>
            </line>
            <line>
              <![CDATA[<a href='C:\Users\Diligence soft\git\POMstudy\src\main\Resources\screenshot\Blank_30_09_2019_07_40_29.png'><img src='C:\Users\Diligence soft\git\POMstudy\src\main\Resources\screenshot\Blank_30_09_2019_07_40_29.png'height='100' width='100'/></a>]]>
            </line>
            <line>
              <![CDATA[<a href='C:\Users\Diligence soft\git\POMstudy\src\main\Resources\screenshot\Blank_30_09_2019_07_40_34.png'><img src='C:\Users\Diligence soft\git\POMstudy\src\main\Resources\screenshot\Blank_30_09_2019_07_40_34.png'height='100' width='100'/></a>]]>
            </line>
            <line>
              <![CDATA[<a href='C:\Users\Diligence soft\git\POMstudy\src\main\Resources\screenshot\Blank_30_09_2019_07_40_35.png'><img src='C:\Users\Diligence soft\git\POMstudy\src\main\Resources\screenshot\Blank_30_09_2019_07_40_35.png'height='100' width='100'/></a>]]>
            </line>
          </reporter-output>
        </test-method> <!-- gotocartpage -->
        <test-method status="PASS" signature="AfterMethod(org.testng.ITestResult)[pri:0, instance:framework.projectname.testscripts.productDetails.GoToCart@52a86356]" name="AfterMethod" is-config="true" duration-ms="703" started-at="2019-09-30T19:40:35Z" finished-at="2019-09-30T19:40:36Z">
          <params>
            <param index="0">
              <value>
                <![CDATA[[TestResult name=gotocartpage status=SUCCESS method=GoToCart.gotocartpage()[pri:0, instance:framework.projectname.testscripts.productDetails.GoToCart@52a86356] output=<a href='C:\Users\Diligence soft\git\POMstudy\src\main\Resources\screenshot\Blank_30_09_2019_07_40_24.png'><img src='C:\Users\Diligence soft\git\POMstudy\src\main\Resources\screenshot\Blank_30_09_2019_07_40_24.png'height='100' width='100'/></a>]]]>
              </value>
            </param>
          </params>
          <reporter-output>
            <line>
              <![CDATA[<a href='C:\Users\Diligence soft\git\POMstudy\src\main\Resources\screenshot\gotocartpage_30_09_2019_07_40_35.png'><img src='C:\Users\Diligence soft\git\POMstudy\src\main\Resources\screenshot\gotocartpage_30_09_2019_07_40_35.png'height='100' width='100'/></a>]]>
            </line>
          </reporter-output>
        </test-method> <!-- AfterMethod -->
      </class> <!-- framework.projectname.testscripts.productDetails.GoToCart -->
    </test> <!-- Default test -->
  </suite> <!-- Default suite -->
</testng-results>
