<?xml version="1.0" encoding="UTF-8"?>
<testng-results skipped="0" failed="1" total="4" passed="3">
  <reporter-output>
    <line>
      <![CDATA[<a href='C:\Users\Diligence soft\git\POMstudy\src\main\Resources\screenshot\Blank_06_10_2019_03_16_29.png'><img src='C:\Users\Diligence soft\git\POMstudy\src\main\Resources\screenshot\Blank_06_10_2019_03_16_29.png'height='100' width='100'/></a>]]>
    </line>
    <line>
      <![CDATA[<a href='C:\Users\Diligence soft\git\POMstudy\src\main\Resources\screenshot\Blank_06_10_2019_03_16_36.png'><img src='C:\Users\Diligence soft\git\POMstudy\src\main\Resources\screenshot\Blank_06_10_2019_03_16_36.png'height='100' width='100'/></a>]]>
    </line>
    <line>
      <![CDATA[<a href='C:\Users\Diligence soft\git\POMstudy\src\main\Resources\screenshot\loginToApplication_06_10_2019_03_16_38.png'><img src='C:\Users\Diligence soft\git\POMstudy\src\main\Resources\screenshot\loginToApplication_06_10_2019_03_16_38.png'height='100' width='100'/></a>]]>
    </line>
    <line>
      <![CDATA[<a href='C:\Users\Diligence soft\git\POMstudy\src\main\Resources\screenshot\Blank_06_10_2019_03_17_09.png'><img src='C:\Users\Diligence soft\git\POMstudy\src\main\Resources\screenshot\Blank_06_10_2019_03_17_09.png'height='100' width='100'/></a>]]>
    </line>
    <line>
      <![CDATA[<a href='C:\Users\Diligence soft\git\POMstudy\src\main\Resources\screenshot\Blank_06_10_2019_03_17_14.png'><img src='C:\Users\Diligence soft\git\POMstudy\src\main\Resources\screenshot\Blank_06_10_2019_03_17_14.png'height='100' width='100'/></a>]]>
    </line>
    <line>
      <![CDATA[<a href='C:\Users\Diligence soft\git\POMstudy\src\main\Resources\screenshot\Blank_06_10_2019_03_17_16.png'><img src='C:\Users\Diligence soft\git\POMstudy\src\main\Resources\screenshot\Blank_06_10_2019_03_17_16.png'height='100' width='100'/></a>]]>
    </line>
    <line>
      <![CDATA[<a href='C:\Users\Diligence soft\git\POMstudy\src\main\Resources\screenshot\Blank_06_10_2019_03_17_21.png'><img src='C:\Users\Diligence soft\git\POMstudy\src\main\Resources\screenshot\Blank_06_10_2019_03_17_21.png'height='100' width='100'/></a>]]>
    </line>
    <line>
      <![CDATA[<a href='C:\Users\Diligence soft\git\POMstudy\src\main\Resources\screenshot\Blank_06_10_2019_03_17_22.png'><img src='C:\Users\Diligence soft\git\POMstudy\src\main\Resources\screenshot\Blank_06_10_2019_03_17_22.png'height='100' width='100'/></a>]]>
    </line>
    <line>
      <![CDATA[<a href='C:\Users\Diligence soft\git\POMstudy\src\main\Resources\screenshot\emailRegistration_06_10_2019_03_17_23.png'><img src='C:\Users\Diligence soft\git\POMstudy\src\main\Resources\screenshot\emailRegistration_06_10_2019_03_17_23.png'height='100' width='100'/></a>]]>
    </line>
    <line>
      <![CDATA[<a href='C:\Users\Diligence soft\git\POMstudy\src\main\Resources\screenshot\Blank_06_10_2019_03_17_49.png'><img src='C:\Users\Diligence soft\git\POMstudy\src\main\Resources\screenshot\Blank_06_10_2019_03_17_49.png'height='100' width='100'/></a>]]>
    </line>
    <line>
      <![CDATA[<a href='C:\Users\Diligence soft\git\POMstudy\src\main\Resources\screenshot\Blank_06_10_2019_03_17_54.png'><img src='C:\Users\Diligence soft\git\POMstudy\src\main\Resources\screenshot\Blank_06_10_2019_03_17_54.png'height='100' width='100'/></a>]]>
    </line>
    <line>
      <![CDATA[<a href='C:\Users\Diligence soft\git\POMstudy\src\main\Resources\screenshot\verifyLowestFirstPriceList_06_10_2019_03_18_06.png'><img src='C:\Users\Diligence soft\git\POMstudy\src\main\Resources\screenshot\verifyLowestFirstPriceList_06_10_2019_03_18_06.png'height='100' width='100'/></a>]]>
    </line>
    <line>
      <![CDATA[<a href='C:\Users\Diligence soft\git\POMstudy\src\main\Resources\screenshot\Blank_06_10_2019_03_18_47.png'><img src='C:\Users\Diligence soft\git\POMstudy\src\main\Resources\screenshot\Blank_06_10_2019_03_18_47.png'height='100' width='100'/></a>]]>
    </line>
    <line>
      <![CDATA[<a href='C:\Users\Diligence soft\git\POMstudy\src\main\Resources\screenshot\Blank_06_10_2019_03_18_50.png'><img src='C:\Users\Diligence soft\git\POMstudy\src\main\Resources\screenshot\Blank_06_10_2019_03_18_50.png'height='100' width='100'/></a>]]>
    </line>
    <line>
      <![CDATA[<a href='C:\Users\Diligence soft\git\POMstudy\src\main\Resources\screenshot\Blank_06_10_2019_03_18_56.png'><img src='C:\Users\Diligence soft\git\POMstudy\src\main\Resources\screenshot\Blank_06_10_2019_03_18_56.png'height='100' width='100'/></a>]]>
    </line>
    <line>
      <![CDATA[<a href='C:\Users\Diligence soft\git\POMstudy\src\main\Resources\screenshot\Blank_06_10_2019_03_18_57.png'><img src='C:\Users\Diligence soft\git\POMstudy\src\main\Resources\screenshot\Blank_06_10_2019_03_18_57.png'height='100' width='100'/></a>]]>
    </line>
    <line>
      <![CDATA[<a href='C:\Users\Diligence soft\git\POMstudy\src\main\Resources\screenshot\gotocartpage_06_10_2019_03_18_57.png'><img src='C:\Users\Diligence soft\git\POMstudy\src\main\Resources\screenshot\gotocartpage_06_10_2019_03_18_57.png'height='100' width='100'/></a>]]>
    </line>
  </reporter-output>
  <suite name="AllTest" duration-ms="182046" started-at="2019-10-06T09:45:56Z" finished-at="2019-10-06T09:48:58Z">
    <groups>
    </groups>
    <test name="LoginTest" duration-ms="53487" started-at="2019-10-06T09:45:56Z" finished-at="2019-10-06T09:46:50Z">
      <class name="framework.projectname.testscripts.loginpage.LoginTest">
        <test-method status="PASS" signature="beforetest()[pri:0, instance:framework.projectname.testscripts.loginpage.LoginTest@52a86356]" name="beforetest" is-config="true" duration-ms="18588" started-at="2019-10-06T15:15:56Z" finished-at="2019-10-06T15:16:15Z">
          <reporter-output>
          </reporter-output>
        </test-method> <!-- beforetest -->
        <test-method status="PASS" signature="beforeclass()[pri:0, instance:framework.projectname.testscripts.loginpage.LoginTest@52a86356]" name="beforeclass" is-config="true" duration-ms="14" started-at="2019-10-06T15:16:15Z" finished-at="2019-10-06T15:16:15Z">
          <reporter-output>
          </reporter-output>
        </test-method> <!-- beforeclass -->
        <test-method status="PASS" signature="beforeMethod(java.lang.reflect.Method)[pri:0, instance:framework.projectname.testscripts.loginpage.LoginTest@52a86356]" name="beforeMethod" is-config="true" duration-ms="9" started-at="2019-10-06T15:16:15Z" finished-at="2019-10-06T15:16:15Z">
          <params>
            <param index="0">
              <value>
                <![CDATA[public void framework.projectname.testscripts.loginpage.LoginTest.loginToApplication()]]>
              </value>
            </param>
          </params>
          <reporter-output>
          </reporter-output>
        </test-method> <!-- beforeMethod -->
        <test-method status="PASS" signature="loginToApplication()[pri:0, instance:framework.projectname.testscripts.loginpage.LoginTest@52a86356]" name="loginToApplication" duration-ms="22962" started-at="2019-10-06T15:16:15Z" description="login with valid credetinals" finished-at="2019-10-06T15:16:38Z">
          <reporter-output>
            <line>
              <![CDATA[<a href='C:\Users\Diligence soft\git\POMstudy\src\main\Resources\screenshot\Blank_06_10_2019_03_16_29.png'><img src='C:\Users\Diligence soft\git\POMstudy\src\main\Resources\screenshot\Blank_06_10_2019_03_16_29.png'height='100' width='100'/></a>]]>
            </line>
            <line>
              <![CDATA[<a href='C:\Users\Diligence soft\git\POMstudy\src\main\Resources\screenshot\Blank_06_10_2019_03_16_36.png'><img src='C:\Users\Diligence soft\git\POMstudy\src\main\Resources\screenshot\Blank_06_10_2019_03_16_36.png'height='100' width='100'/></a>]]>
            </line>
          </reporter-output>
        </test-method> <!-- loginToApplication -->
        <test-method status="PASS" signature="AfterMethod(org.testng.ITestResult)[pri:0, instance:framework.projectname.testscripts.loginpage.LoginTest@52a86356]" name="AfterMethod" is-config="true" duration-ms="11885" started-at="2019-10-06T15:16:38Z" finished-at="2019-10-06T15:16:50Z">
          <params>
            <param index="0">
              <value>
                <![CDATA[[TestResult name=loginToApplication status=SUCCESS method=LoginTest.loginToApplication()[pri:0, instance:framework.projectname.testscripts.loginpage.LoginTest@52a86356] output=<a href='C:\Users\Diligence soft\git\POMstudy\src\main\Resources\screenshot\Blank_06_10_2019_03_16_29.png'><img src='C:\Users\Diligence soft\git\POMstudy\src\main\Resources\screenshot\Blank_06_10_2019_03_16_29.png'height='100' width='100'/></a>]]]>
              </value>
            </param>
          </params>
          <reporter-output>
            <line>
              <![CDATA[<a href='C:\Users\Diligence soft\git\POMstudy\src\main\Resources\screenshot\loginToApplication_06_10_2019_03_16_38.png'><img src='C:\Users\Diligence soft\git\POMstudy\src\main\Resources\screenshot\loginToApplication_06_10_2019_03_16_38.png'height='100' width='100'/></a>]]>
            </line>
          </reporter-output>
        </test-method> <!-- AfterMethod -->
      </class> <!-- framework.projectname.testscripts.loginpage.LoginTest -->
    </test> <!-- LoginTest -->
    <test name="RegistrationTest" duration-ms="32809" started-at="2019-10-06T09:46:50Z" finished-at="2019-10-06T09:47:23Z">
      <class name="framework.projectname.testscripts.RegistrationTest.RegistrationTest">
        <test-method status="PASS" signature="beforetest()[pri:0, instance:framework.projectname.testscripts.RegistrationTest.RegistrationTest@67784306]" name="beforetest" is-config="true" duration-ms="8152" started-at="2019-10-06T15:16:50Z" finished-at="2019-10-06T15:16:59Z">
          <reporter-output>
          </reporter-output>
        </test-method> <!-- beforetest -->
        <test-method status="PASS" signature="beforeclass()[pri:0, instance:framework.projectname.testscripts.RegistrationTest.RegistrationTest@67784306]" name="beforeclass" is-config="true" duration-ms="1" started-at="2019-10-06T15:16:59Z" finished-at="2019-10-06T15:16:59Z">
          <reporter-output>
          </reporter-output>
        </test-method> <!-- beforeclass -->
        <test-method status="PASS" signature="beforeMethod(java.lang.reflect.Method)[pri:0, instance:framework.projectname.testscripts.RegistrationTest.RegistrationTest@67784306]" name="beforeMethod" is-config="true" duration-ms="0" started-at="2019-10-06T15:16:59Z" finished-at="2019-10-06T15:16:59Z">
          <params>
            <param index="0">
              <value>
                <![CDATA[public void framework.projectname.testscripts.RegistrationTest.RegistrationTest.emailRegistration() throws java.lang.InterruptedException]]>
              </value>
            </param>
          </params>
          <reporter-output>
          </reporter-output>
        </test-method> <!-- beforeMethod -->
        <test-method status="PASS" signature="emailRegistration()[pri:0, instance:framework.projectname.testscripts.RegistrationTest.RegistrationTest@67784306]" name="emailRegistration" duration-ms="24161" started-at="2019-10-06T15:16:59Z" description="Email registration" finished-at="2019-10-06T15:17:23Z">
          <reporter-output>
            <line>
              <![CDATA[<a href='C:\Users\Diligence soft\git\POMstudy\src\main\Resources\screenshot\Blank_06_10_2019_03_17_09.png'><img src='C:\Users\Diligence soft\git\POMstudy\src\main\Resources\screenshot\Blank_06_10_2019_03_17_09.png'height='100' width='100'/></a>]]>
            </line>
            <line>
              <![CDATA[<a href='C:\Users\Diligence soft\git\POMstudy\src\main\Resources\screenshot\Blank_06_10_2019_03_17_14.png'><img src='C:\Users\Diligence soft\git\POMstudy\src\main\Resources\screenshot\Blank_06_10_2019_03_17_14.png'height='100' width='100'/></a>]]>
            </line>
            <line>
              <![CDATA[<a href='C:\Users\Diligence soft\git\POMstudy\src\main\Resources\screenshot\Blank_06_10_2019_03_17_16.png'><img src='C:\Users\Diligence soft\git\POMstudy\src\main\Resources\screenshot\Blank_06_10_2019_03_17_16.png'height='100' width='100'/></a>]]>
            </line>
            <line>
              <![CDATA[<a href='C:\Users\Diligence soft\git\POMstudy\src\main\Resources\screenshot\Blank_06_10_2019_03_17_21.png'><img src='C:\Users\Diligence soft\git\POMstudy\src\main\Resources\screenshot\Blank_06_10_2019_03_17_21.png'height='100' width='100'/></a>]]>
            </line>
            <line>
              <![CDATA[<a href='C:\Users\Diligence soft\git\POMstudy\src\main\Resources\screenshot\Blank_06_10_2019_03_17_22.png'><img src='C:\Users\Diligence soft\git\POMstudy\src\main\Resources\screenshot\Blank_06_10_2019_03_17_22.png'height='100' width='100'/></a>]]>
            </line>
          </reporter-output>
        </test-method> <!-- emailRegistration -->
        <test-method status="PASS" signature="AfterMethod(org.testng.ITestResult)[pri:0, instance:framework.projectname.testscripts.RegistrationTest.RegistrationTest@67784306]" name="AfterMethod" is-config="true" duration-ms="492" started-at="2019-10-06T15:17:23Z" finished-at="2019-10-06T15:17:23Z">
          <params>
            <param index="0">
              <value>
                <![CDATA[[TestResult name=emailRegistration status=SUCCESS method=RegistrationTest.emailRegistration()[pri:0, instance:framework.projectname.testscripts.RegistrationTest.RegistrationTest@67784306] output=<a href='C:\Users\Diligence soft\git\POMstudy\src\main\Resources\screenshot\Blank_06_10_2019_03_17_09.png'><img src='C:\Users\Diligence soft\git\POMstudy\src\main\Resources\screenshot\Blank_06_10_2019_03_17_09.png'height='100' width='100'/></a>]]]>
              </value>
            </param>
          </params>
          <reporter-output>
            <line>
              <![CDATA[<a href='C:\Users\Diligence soft\git\POMstudy\src\main\Resources\screenshot\emailRegistration_06_10_2019_03_17_23.png'><img src='C:\Users\Diligence soft\git\POMstudy\src\main\Resources\screenshot\emailRegistration_06_10_2019_03_17_23.png'height='100' width='100'/></a>]]>
            </line>
          </reporter-output>
        </test-method> <!-- AfterMethod -->
      </class> <!-- framework.projectname.testscripts.RegistrationTest.RegistrationTest -->
    </test> <!-- RegistrationTest -->
    <test name="VerifyLowestFirstpriceFilter" duration-ms="43338" started-at="2019-10-06T09:47:24Z" finished-at="2019-10-06T09:48:07Z">
      <class name="framework.projectname.testscripts.productDetails.VerifyLowestFirstpriceFilter">
        <test-method status="PASS" signature="beforetest()[pri:0, instance:framework.projectname.testscripts.productDetails.VerifyLowestFirstpriceFilter@5a8e6209]" name="beforetest" is-config="true" duration-ms="11200" started-at="2019-10-06T15:17:24Z" finished-at="2019-10-06T15:17:35Z">
          <reporter-output>
          </reporter-output>
        </test-method> <!-- beforetest -->
        <test-method status="PASS" signature="beforeclass()[pri:0, instance:framework.projectname.testscripts.productDetails.VerifyLowestFirstpriceFilter@5a8e6209]" name="beforeclass" is-config="true" duration-ms="0" started-at="2019-10-06T15:17:35Z" finished-at="2019-10-06T15:17:35Z">
          <reporter-output>
          </reporter-output>
        </test-method> <!-- beforeclass -->
        <test-method status="PASS" signature="beforeMethod(java.lang.reflect.Method)[pri:0, instance:framework.projectname.testscripts.productDetails.VerifyLowestFirstpriceFilter@5a8e6209]" name="beforeMethod" is-config="true" duration-ms="1" started-at="2019-10-06T15:17:35Z" finished-at="2019-10-06T15:17:35Z">
          <params>
            <param index="0">
              <value>
                <![CDATA[public void framework.projectname.testscripts.productDetails.VerifyLowestFirstpriceFilter.verifyLowestFirstPriceList() throws java.lang.InterruptedException]]>
              </value>
            </param>
          </params>
          <reporter-output>
          </reporter-output>
        </test-method> <!-- beforeMethod -->
        <test-method status="FAIL" signature="verifyLowestFirstPriceList()[pri:0, instance:framework.projectname.testscripts.productDetails.VerifyLowestFirstpriceFilter@5a8e6209]" name="verifyLowestFirstPriceList" duration-ms="30863" started-at="2019-10-06T15:17:35Z" finished-at="2019-10-06T15:18:06Z">
          <exception class="java.lang.AssertionError">
            <message>
              <![CDATA[expected [true] but found [false]]]>
            </message>
            <full-stacktrace>
              <![CDATA[java.lang.AssertionError: expected [true] but found [false]
	at org.testng.Assert.fail(Assert.java:94)
	at org.testng.Assert.failNotEquals(Assert.java:513)
	at org.testng.Assert.assertTrue(Assert.java:42)
	at org.testng.Assert.assertTrue(Assert.java:52)
	at framework.projectname.helper.assertion.AssertionHelper.fail(AssertionHelper.java:75)
	at framework.projectname.helper.assertion.AssertionHelper.updateTestStatus(AssertionHelper.java:85)
	at framework.projectname.testscripts.productDetails.VerifyLowestFirstpriceFilter.verifyLowestFirstPriceList(VerifyLowestFirstpriceFilter.java:40)
	at sun.reflect.NativeMethodAccessorImpl.invoke0(Native Method)
	at sun.reflect.NativeMethodAccessorImpl.invoke(NativeMethodAccessorImpl.java:62)
	at sun.reflect.DelegatingMethodAccessorImpl.invoke(DelegatingMethodAccessorImpl.java:43)
	at java.lang.reflect.Method.invoke(Method.java:498)
	at org.testng.internal.MethodInvocationHelper.invokeMethod(MethodInvocationHelper.java:86)
	at org.testng.internal.Invoker.invokeMethod(Invoker.java:646)
	at org.testng.internal.Invoker.invokeTestMethod(Invoker.java:823)
	at org.testng.internal.Invoker.invokeTestMethods(Invoker.java:1131)
	at org.testng.internal.TestMethodWorker.invokeTestMethods(TestMethodWorker.java:129)
	at org.testng.internal.TestMethodWorker.run(TestMethodWorker.java:112)
	at org.testng.TestRunner.privateRun(TestRunner.java:778)
	at org.testng.TestRunner.run(TestRunner.java:632)
	at org.testng.SuiteRunner.runTest(SuiteRunner.java:366)
	at org.testng.SuiteRunner.runSequentially(SuiteRunner.java:361)
	at org.testng.SuiteRunner.privateRun(SuiteRunner.java:319)
	at org.testng.SuiteRunner.run(SuiteRunner.java:268)
	at org.testng.SuiteRunnerWorker.runSuite(SuiteRunnerWorker.java:52)
	at org.testng.SuiteRunnerWorker.run(SuiteRunnerWorker.java:86)
	at org.testng.TestNG.runSuitesSequentially(TestNG.java:1225)
	at org.testng.TestNG.runSuitesLocally(TestNG.java:1150)
	at org.testng.TestNG.runSuites(TestNG.java:1075)
	at org.testng.TestNG.run(TestNG.java:1047)
	at org.testng.remote.AbstractRemoteTestNG.run(AbstractRemoteTestNG.java:126)
	at org.testng.remote.RemoteTestNG.initAndRun(RemoteTestNG.java:137)
	at org.testng.remote.RemoteTestNG.main(RemoteTestNG.java:58)
]]>
            </full-stacktrace>
          </exception> <!-- java.lang.AssertionError -->
          <reporter-output>
            <line>
              <![CDATA[<a href='C:\Users\Diligence soft\git\POMstudy\src\main\Resources\screenshot\Blank_06_10_2019_03_17_49.png'><img src='C:\Users\Diligence soft\git\POMstudy\src\main\Resources\screenshot\Blank_06_10_2019_03_17_49.png'height='100' width='100'/></a>]]>
            </line>
            <line>
              <![CDATA[<a href='C:\Users\Diligence soft\git\POMstudy\src\main\Resources\screenshot\Blank_06_10_2019_03_17_54.png'><img src='C:\Users\Diligence soft\git\POMstudy\src\main\Resources\screenshot\Blank_06_10_2019_03_17_54.png'height='100' width='100'/></a>]]>
            </line>
          </reporter-output>
        </test-method> <!-- verifyLowestFirstPriceList -->
        <test-method status="PASS" signature="AfterMethod(org.testng.ITestResult)[pri:0, instance:framework.projectname.testscripts.productDetails.VerifyLowestFirstpriceFilter@5a8e6209]" name="AfterMethod" is-config="true" duration-ms="1244" started-at="2019-10-06T15:18:06Z" finished-at="2019-10-06T15:18:07Z">
          <params>
            <param index="0">
              <value>
                <![CDATA[[TestResult name=verifyLowestFirstPriceList status=FAILURE method=VerifyLowestFirstpriceFilter.verifyLowestFirstPriceList()[pri:0, instance:framework.projectname.testscripts.productDetails.VerifyLowestFirstpriceFilter@5a8e6209] output=<a href='C:\Users\Diligence soft\git\POMstudy\src\main\Resources\screenshot\Blank_06_10_2019_03_17_49.png'><img src='C:\Users\Diligence soft\git\POMstudy\src\main\Resources\screenshot\Blank_06_10_2019_03_17_49.png'height='100' width='100'/></a>]]]>
              </value>
            </param>
          </params>
          <reporter-output>
            <line>
              <![CDATA[<a href='C:\Users\Diligence soft\git\POMstudy\src\main\Resources\screenshot\verifyLowestFirstPriceList_06_10_2019_03_18_06.png'><img src='C:\Users\Diligence soft\git\POMstudy\src\main\Resources\screenshot\verifyLowestFirstPriceList_06_10_2019_03_18_06.png'height='100' width='100'/></a>]]>
            </line>
          </reporter-output>
        </test-method> <!-- AfterMethod -->
      </class> <!-- framework.projectname.testscripts.productDetails.VerifyLowestFirstpriceFilter -->
    </test> <!-- VerifyLowestFirstpriceFilter -->
    <test name="GoToCart" duration-ms="50757" started-at="2019-10-06T09:48:07Z" finished-at="2019-10-06T09:48:58Z">
      <class name="framework.projectname.testscripts.productDetails.GoToCart">
        <test-method status="PASS" signature="beforesuit()[pri:0, instance:framework.projectname.testscripts.productDetails.GoToCart@6325a3ee]" name="beforesuit" is-config="true" duration-ms="474" started-at="2019-10-06T15:15:56Z" finished-at="2019-10-06T15:15:56Z">
          <reporter-output>
          </reporter-output>
        </test-method> <!-- beforesuit -->
        <test-method status="PASS" signature="beforetest()[pri:0, instance:framework.projectname.testscripts.productDetails.GoToCart@6325a3ee]" name="beforetest" is-config="true" duration-ms="14259" started-at="2019-10-06T15:18:07Z" finished-at="2019-10-06T15:18:22Z">
          <reporter-output>
          </reporter-output>
        </test-method> <!-- beforetest -->
        <test-method status="PASS" signature="beforeclass()[pri:0, instance:framework.projectname.testscripts.productDetails.GoToCart@6325a3ee]" name="beforeclass" is-config="true" duration-ms="0" started-at="2019-10-06T15:18:22Z" finished-at="2019-10-06T15:18:22Z">
          <reporter-output>
          </reporter-output>
        </test-method> <!-- beforeclass -->
        <test-method status="PASS" signature="beforeMethod(java.lang.reflect.Method)[pri:0, instance:framework.projectname.testscripts.productDetails.GoToCart@6325a3ee]" name="beforeMethod" is-config="true" duration-ms="1" started-at="2019-10-06T15:18:22Z" finished-at="2019-10-06T15:18:22Z">
          <params>
            <param index="0">
              <value>
                <![CDATA[public void framework.projectname.testscripts.productDetails.GoToCart.gotocartpage() throws java.lang.InterruptedException]]>
              </value>
            </param>
          </params>
          <reporter-output>
          </reporter-output>
        </test-method> <!-- beforeMethod -->
        <test-method status="PASS" signature="gotocartpage()[pri:0, instance:framework.projectname.testscripts.productDetails.GoToCart@6325a3ee]" name="gotocartpage" duration-ms="35688" started-at="2019-10-06T15:18:22Z" finished-at="2019-10-06T15:18:57Z">
          <reporter-output>
            <line>
              <![CDATA[<a href='C:\Users\Diligence soft\git\POMstudy\src\main\Resources\screenshot\Blank_06_10_2019_03_18_47.png'><img src='C:\Users\Diligence soft\git\POMstudy\src\main\Resources\screenshot\Blank_06_10_2019_03_18_47.png'height='100' width='100'/></a>]]>
            </line>
            <line>
              <![CDATA[<a href='C:\Users\Diligence soft\git\POMstudy\src\main\Resources\screenshot\Blank_06_10_2019_03_18_50.png'><img src='C:\Users\Diligence soft\git\POMstudy\src\main\Resources\screenshot\Blank_06_10_2019_03_18_50.png'height='100' width='100'/></a>]]>
            </line>
            <line>
              <![CDATA[<a href='C:\Users\Diligence soft\git\POMstudy\src\main\Resources\screenshot\Blank_06_10_2019_03_18_56.png'><img src='C:\Users\Diligence soft\git\POMstudy\src\main\Resources\screenshot\Blank_06_10_2019_03_18_56.png'height='100' width='100'/></a>]]>
            </line>
            <line>
              <![CDATA[<a href='C:\Users\Diligence soft\git\POMstudy\src\main\Resources\screenshot\Blank_06_10_2019_03_18_57.png'><img src='C:\Users\Diligence soft\git\POMstudy\src\main\Resources\screenshot\Blank_06_10_2019_03_18_57.png'height='100' width='100'/></a>]]>
            </line>
          </reporter-output>
        </test-method> <!-- gotocartpage -->
        <test-method status="PASS" signature="AfterMethod(org.testng.ITestResult)[pri:0, instance:framework.projectname.testscripts.productDetails.GoToCart@6325a3ee]" name="AfterMethod" is-config="true" duration-ms="807" started-at="2019-10-06T15:18:57Z" finished-at="2019-10-06T15:18:58Z">
          <params>
            <param index="0">
              <value>
                <![CDATA[[TestResult name=gotocartpage status=SUCCESS method=GoToCart.gotocartpage()[pri:0, instance:framework.projectname.testscripts.productDetails.GoToCart@6325a3ee] output=<a href='C:\Users\Diligence soft\git\POMstudy\src\main\Resources\screenshot\Blank_06_10_2019_03_18_47.png'><img src='C:\Users\Diligence soft\git\POMstudy\src\main\Resources\screenshot\Blank_06_10_2019_03_18_47.png'height='100' width='100'/></a>]]]>
              </value>
            </param>
          </params>
          <reporter-output>
            <line>
              <![CDATA[<a href='C:\Users\Diligence soft\git\POMstudy\src\main\Resources\screenshot\gotocartpage_06_10_2019_03_18_57.png'><img src='C:\Users\Diligence soft\git\POMstudy\src\main\Resources\screenshot\gotocartpage_06_10_2019_03_18_57.png'height='100' width='100'/></a>]]>
            </line>
          </reporter-output>
        </test-method> <!-- AfterMethod -->
      </class> <!-- framework.projectname.testscripts.productDetails.GoToCart -->
    </test> <!-- GoToCart -->
  </suite> <!-- AllTest -->
</testng-results>
