<?xml version="1.0" encoding="UTF-8"?>
<testng-results skipped="0" failed="1" total="4" passed="3">
  <reporter-output>
    <line>
      <![CDATA[<a href='C:\Users\Diligence soft\git\POMstudy\src\main\Resources\screenshot\Blank_03_10_2019_11_36_50.png'><img src='C:\Users\Diligence soft\git\POMstudy\src\main\Resources\screenshot\Blank_03_10_2019_11_36_50.png'height='100' width='100'/></a>]]>
    </line>
    <line>
      <![CDATA[<a href='C:\Users\Diligence soft\git\POMstudy\src\main\Resources\screenshot\Blank_03_10_2019_11_36_55.png'><img src='C:\Users\Diligence soft\git\POMstudy\src\main\Resources\screenshot\Blank_03_10_2019_11_36_55.png'height='100' width='100'/></a>]]>
    </line>
    <line>
      <![CDATA[<a href='C:\Users\Diligence soft\git\POMstudy\src\main\Resources\screenshot\loginToApplication_03_10_2019_11_36_55.png'><img src='C:\Users\Diligence soft\git\POMstudy\src\main\Resources\screenshot\loginToApplication_03_10_2019_11_36_55.png'height='100' width='100'/></a>]]>
    </line>
    <line>
      <![CDATA[<a href='C:\Users\Diligence soft\git\POMstudy\src\main\Resources\screenshot\Blank_03_10_2019_11_37_07.png'><img src='C:\Users\Diligence soft\git\POMstudy\src\main\Resources\screenshot\Blank_03_10_2019_11_37_07.png'height='100' width='100'/></a>]]>
    </line>
    <line>
      <![CDATA[<a href='C:\Users\Diligence soft\git\POMstudy\src\main\Resources\screenshot\Blank_03_10_2019_11_37_12.png'><img src='C:\Users\Diligence soft\git\POMstudy\src\main\Resources\screenshot\Blank_03_10_2019_11_37_12.png'height='100' width='100'/></a>]]>
    </line>
    <line>
      <![CDATA[<a href='C:\Users\Diligence soft\git\POMstudy\src\main\Resources\screenshot\Blank_03_10_2019_11_37_13.png'><img src='C:\Users\Diligence soft\git\POMstudy\src\main\Resources\screenshot\Blank_03_10_2019_11_37_13.png'height='100' width='100'/></a>]]>
    </line>
    <line>
      <![CDATA[<a href='C:\Users\Diligence soft\git\POMstudy\src\main\Resources\screenshot\Blank_03_10_2019_11_37_17.png'><img src='C:\Users\Diligence soft\git\POMstudy\src\main\Resources\screenshot\Blank_03_10_2019_11_37_17.png'height='100' width='100'/></a>]]>
    </line>
    <line>
      <![CDATA[<a href='C:\Users\Diligence soft\git\POMstudy\src\main\Resources\screenshot\emailRegistration_03_10_2019_11_37_18.png'><img src='C:\Users\Diligence soft\git\POMstudy\src\main\Resources\screenshot\emailRegistration_03_10_2019_11_37_18.png'height='100' width='100'/></a>]]>
    </line>
    <line>
      <![CDATA[<a href='C:\Users\Diligence soft\git\POMstudy\src\main\Resources\screenshot\Blank_03_10_2019_11_37_31.png'><img src='C:\Users\Diligence soft\git\POMstudy\src\main\Resources\screenshot\Blank_03_10_2019_11_37_31.png'height='100' width='100'/></a>]]>
    </line>
    <line>
      <![CDATA[<a href='C:\Users\Diligence soft\git\POMstudy\src\main\Resources\screenshot\Blank_03_10_2019_11_37_35.png'><img src='C:\Users\Diligence soft\git\POMstudy\src\main\Resources\screenshot\Blank_03_10_2019_11_37_35.png'height='100' width='100'/></a>]]>
    </line>
    <line>
      <![CDATA[<a href='C:\Users\Diligence soft\git\POMstudy\src\main\Resources\screenshot\verifyLowestFirstPriceList_03_10_2019_11_37_46.png'><img src='C:\Users\Diligence soft\git\POMstudy\src\main\Resources\screenshot\verifyLowestFirstPriceList_03_10_2019_11_37_46.png'height='100' width='100'/></a>]]>
    </line>
    <line>
      <![CDATA[<a href='C:\Users\Diligence soft\git\POMstudy\src\main\Resources\screenshot\Blank_03_10_2019_11_37_59.png'><img src='C:\Users\Diligence soft\git\POMstudy\src\main\Resources\screenshot\Blank_03_10_2019_11_37_59.png'height='100' width='100'/></a>]]>
    </line>
    <line>
      <![CDATA[<a href='C:\Users\Diligence soft\git\POMstudy\src\main\Resources\screenshot\Blank_03_10_2019_11_38_03.png'><img src='C:\Users\Diligence soft\git\POMstudy\src\main\Resources\screenshot\Blank_03_10_2019_11_38_03.png'height='100' width='100'/></a>]]>
    </line>
    <line>
      <![CDATA[<a href='C:\Users\Diligence soft\git\POMstudy\src\main\Resources\screenshot\Blank_03_10_2019_11_38_07.png'><img src='C:\Users\Diligence soft\git\POMstudy\src\main\Resources\screenshot\Blank_03_10_2019_11_38_07.png'height='100' width='100'/></a>]]>
    </line>
    <line>
      <![CDATA[<a href='C:\Users\Diligence soft\git\POMstudy\src\main\Resources\screenshot\Blank_03_10_2019_11_38_08.png'><img src='C:\Users\Diligence soft\git\POMstudy\src\main\Resources\screenshot\Blank_03_10_2019_11_38_08.png'height='100' width='100'/></a>]]>
    </line>
    <line>
      <![CDATA[<a href='C:\Users\Diligence soft\git\POMstudy\src\main\Resources\screenshot\gotocartpage_03_10_2019_11_38_08.png'><img src='C:\Users\Diligence soft\git\POMstudy\src\main\Resources\screenshot\gotocartpage_03_10_2019_11_38_08.png'height='100' width='100'/></a>]]>
    </line>
  </reporter-output>
  <suite name="AllTest" duration-ms="92460" started-at="2019-10-03T06:06:37Z" finished-at="2019-10-03T06:08:09Z">
    <groups>
    </groups>
    <test name="LoginTest" duration-ms="19342" started-at="2019-10-03T06:06:37Z" finished-at="2019-10-03T06:06:56Z">
      <class name="framework.projectname.testscripts.loginpage.LoginTest">
        <test-method status="PASS" signature="beforetest()[pri:0, instance:framework.projectname.testscripts.loginpage.LoginTest@52a86356]" name="beforetest" is-config="true" duration-ms="5407" started-at="2019-10-03T11:36:37Z" finished-at="2019-10-03T11:36:42Z">
          <reporter-output>
          </reporter-output>
        </test-method> <!-- beforetest -->
        <test-method status="PASS" signature="beforeclass()[pri:0, instance:framework.projectname.testscripts.loginpage.LoginTest@52a86356]" name="beforeclass" is-config="true" duration-ms="4" started-at="2019-10-03T11:36:42Z" finished-at="2019-10-03T11:36:42Z">
          <reporter-output>
          </reporter-output>
        </test-method> <!-- beforeclass -->
        <test-method status="PASS" signature="beforeMethod(java.lang.reflect.Method)[pri:0, instance:framework.projectname.testscripts.loginpage.LoginTest@52a86356]" name="beforeMethod" is-config="true" duration-ms="7" started-at="2019-10-03T11:36:42Z" finished-at="2019-10-03T11:36:42Z">
          <params>
            <param index="0">
              <value>
                <![CDATA[public void framework.projectname.testscripts.loginpage.LoginTest.loginToApplication()]]>
              </value>
            </param>
          </params>
          <reporter-output>
          </reporter-output>
        </test-method> <!-- beforeMethod -->
        <test-method status="PASS" signature="loginToApplication()[pri:0, instance:framework.projectname.testscripts.loginpage.LoginTest@52a86356]" name="loginToApplication" duration-ms="13049" started-at="2019-10-03T11:36:42Z" description="login with valid credetinals" finished-at="2019-10-03T11:36:55Z">
          <reporter-output>
            <line>
              <![CDATA[<a href='C:\Users\Diligence soft\git\POMstudy\src\main\Resources\screenshot\Blank_03_10_2019_11_36_50.png'><img src='C:\Users\Diligence soft\git\POMstudy\src\main\Resources\screenshot\Blank_03_10_2019_11_36_50.png'height='100' width='100'/></a>]]>
            </line>
            <line>
              <![CDATA[<a href='C:\Users\Diligence soft\git\POMstudy\src\main\Resources\screenshot\Blank_03_10_2019_11_36_55.png'><img src='C:\Users\Diligence soft\git\POMstudy\src\main\Resources\screenshot\Blank_03_10_2019_11_36_55.png'height='100' width='100'/></a>]]>
            </line>
          </reporter-output>
        </test-method> <!-- loginToApplication -->
        <test-method status="PASS" signature="AfterMethod(org.testng.ITestResult)[pri:0, instance:framework.projectname.testscripts.loginpage.LoginTest@52a86356]" name="AfterMethod" is-config="true" duration-ms="848" started-at="2019-10-03T11:36:55Z" finished-at="2019-10-03T11:36:56Z">
          <params>
            <param index="0">
              <value>
                <![CDATA[[TestResult name=loginToApplication status=SUCCESS method=LoginTest.loginToApplication()[pri:0, instance:framework.projectname.testscripts.loginpage.LoginTest@52a86356] output=<a href='C:\Users\Diligence soft\git\POMstudy\src\main\Resources\screenshot\Blank_03_10_2019_11_36_50.png'><img src='C:\Users\Diligence soft\git\POMstudy\src\main\Resources\screenshot\Blank_03_10_2019_11_36_50.png'height='100' width='100'/></a>]]]>
              </value>
            </param>
          </params>
          <reporter-output>
            <line>
              <![CDATA[<a href='C:\Users\Diligence soft\git\POMstudy\src\main\Resources\screenshot\loginToApplication_03_10_2019_11_36_55.png'><img src='C:\Users\Diligence soft\git\POMstudy\src\main\Resources\screenshot\loginToApplication_03_10_2019_11_36_55.png'height='100' width='100'/></a>]]>
            </line>
          </reporter-output>
        </test-method> <!-- AfterMethod -->
      </class> <!-- framework.projectname.testscripts.loginpage.LoginTest -->
    </test> <!-- LoginTest -->
    <test name="RegistrationTest" duration-ms="21974" started-at="2019-10-03T06:06:56Z" finished-at="2019-10-03T06:07:18Z">
      <class name="framework.projectname.testscripts.RegistrationTest.RegistrationTest">
        <test-method status="PASS" signature="beforetest()[pri:0, instance:framework.projectname.testscripts.RegistrationTest.RegistrationTest@67784306]" name="beforetest" is-config="true" duration-ms="4192" started-at="2019-10-03T11:36:56Z" finished-at="2019-10-03T11:37:01Z">
          <reporter-output>
          </reporter-output>
        </test-method> <!-- beforetest -->
        <test-method status="PASS" signature="beforeclass()[pri:0, instance:framework.projectname.testscripts.RegistrationTest.RegistrationTest@67784306]" name="beforeclass" is-config="true" duration-ms="0" started-at="2019-10-03T11:37:01Z" finished-at="2019-10-03T11:37:01Z">
          <reporter-output>
          </reporter-output>
        </test-method> <!-- beforeclass -->
        <test-method status="PASS" signature="beforeMethod(java.lang.reflect.Method)[pri:0, instance:framework.projectname.testscripts.RegistrationTest.RegistrationTest@67784306]" name="beforeMethod" is-config="true" duration-ms="1" started-at="2019-10-03T11:37:01Z" finished-at="2019-10-03T11:37:01Z">
          <params>
            <param index="0">
              <value>
                <![CDATA[public void framework.projectname.testscripts.RegistrationTest.RegistrationTest.emailRegistration() throws java.lang.InterruptedException]]>
              </value>
            </param>
          </params>
          <reporter-output>
          </reporter-output>
        </test-method> <!-- beforeMethod -->
        <test-method status="PASS" signature="emailRegistration()[pri:0, instance:framework.projectname.testscripts.RegistrationTest.RegistrationTest@67784306]" name="emailRegistration" duration-ms="17361" started-at="2019-10-03T11:37:01Z" description="Email registration" finished-at="2019-10-03T11:37:18Z">
          <reporter-output>
            <line>
              <![CDATA[<a href='C:\Users\Diligence soft\git\POMstudy\src\main\Resources\screenshot\Blank_03_10_2019_11_37_07.png'><img src='C:\Users\Diligence soft\git\POMstudy\src\main\Resources\screenshot\Blank_03_10_2019_11_37_07.png'height='100' width='100'/></a>]]>
            </line>
            <line>
              <![CDATA[<a href='C:\Users\Diligence soft\git\POMstudy\src\main\Resources\screenshot\Blank_03_10_2019_11_37_12.png'><img src='C:\Users\Diligence soft\git\POMstudy\src\main\Resources\screenshot\Blank_03_10_2019_11_37_12.png'height='100' width='100'/></a>]]>
            </line>
            <line>
              <![CDATA[<a href='C:\Users\Diligence soft\git\POMstudy\src\main\Resources\screenshot\Blank_03_10_2019_11_37_13.png'><img src='C:\Users\Diligence soft\git\POMstudy\src\main\Resources\screenshot\Blank_03_10_2019_11_37_13.png'height='100' width='100'/></a>]]>
            </line>
            <line>
              <![CDATA[<a href='C:\Users\Diligence soft\git\POMstudy\src\main\Resources\screenshot\Blank_03_10_2019_11_37_17.png'><img src='C:\Users\Diligence soft\git\POMstudy\src\main\Resources\screenshot\Blank_03_10_2019_11_37_17.png'height='100' width='100'/></a>]]>
            </line>
          </reporter-output>
        </test-method> <!-- emailRegistration -->
        <test-method status="PASS" signature="AfterMethod(org.testng.ITestResult)[pri:0, instance:framework.projectname.testscripts.RegistrationTest.RegistrationTest@67784306]" name="AfterMethod" is-config="true" duration-ms="417" started-at="2019-10-03T11:37:18Z" finished-at="2019-10-03T11:37:18Z">
          <params>
            <param index="0">
              <value>
                <![CDATA[[TestResult name=emailRegistration status=SUCCESS method=RegistrationTest.emailRegistration()[pri:0, instance:framework.projectname.testscripts.RegistrationTest.RegistrationTest@67784306] output=<a href='C:\Users\Diligence soft\git\POMstudy\src\main\Resources\screenshot\Blank_03_10_2019_11_37_07.png'><img src='C:\Users\Diligence soft\git\POMstudy\src\main\Resources\screenshot\Blank_03_10_2019_11_37_07.png'height='100' width='100'/></a>]]]>
              </value>
            </param>
          </params>
          <reporter-output>
            <line>
              <![CDATA[<a href='C:\Users\Diligence soft\git\POMstudy\src\main\Resources\screenshot\emailRegistration_03_10_2019_11_37_18.png'><img src='C:\Users\Diligence soft\git\POMstudy\src\main\Resources\screenshot\emailRegistration_03_10_2019_11_37_18.png'height='100' width='100'/></a>]]>
            </line>
          </reporter-output>
        </test-method> <!-- AfterMethod -->
      </class> <!-- framework.projectname.testscripts.RegistrationTest.RegistrationTest -->
    </test> <!-- RegistrationTest -->
    <test name="VerifyLowestFirstpriceFilter" duration-ms="28129" started-at="2019-10-03T06:07:18Z" finished-at="2019-10-03T06:07:47Z">
      <class name="framework.projectname.testscripts.productDetails.VerifyLowestFirstpriceFilter">
        <test-method status="PASS" signature="beforetest()[pri:0, instance:framework.projectname.testscripts.productDetails.VerifyLowestFirstpriceFilter@5a8e6209]" name="beforetest" is-config="true" duration-ms="4481" started-at="2019-10-03T11:37:18Z" finished-at="2019-10-03T11:37:23Z">
          <reporter-output>
          </reporter-output>
        </test-method> <!-- beforetest -->
        <test-method status="FAIL" signature="verifyLowestFirstPriceList()[pri:0, instance:framework.projectname.testscripts.productDetails.VerifyLowestFirstpriceFilter@5a8e6209]" name="verifyLowestFirstPriceList" duration-ms="23142" started-at="2019-10-03T11:37:23Z" finished-at="2019-10-03T11:37:46Z">
          <exception class="java.lang.AssertionError">
            <message>
              <![CDATA[expected [true] but found [false]]]>
            </message>
            <full-stacktrace>
              <![CDATA[java.lang.AssertionError: expected [true] but found [false]
	at org.testng.Assert.fail(Assert.java:94)
	at org.testng.Assert.failNotEquals(Assert.java:513)
	at org.testng.Assert.assertTrue(Assert.java:42)
	at org.testng.Assert.assertTrue(Assert.java:52)
	at framework.projectname.helper.assertion.AssertionHelper.fail(AssertionHelper.java:75)
	at framework.projectname.helper.assertion.AssertionHelper.updateTestStatus(AssertionHelper.java:85)
	at framework.projectname.testscripts.productDetails.VerifyLowestFirstpriceFilter.verifyLowestFirstPriceList(VerifyLowestFirstpriceFilter.java:40)
	at sun.reflect.NativeMethodAccessorImpl.invoke0(Native Method)
	at sun.reflect.NativeMethodAccessorImpl.invoke(NativeMethodAccessorImpl.java:62)
	at sun.reflect.DelegatingMethodAccessorImpl.invoke(DelegatingMethodAccessorImpl.java:43)
	at java.lang.reflect.Method.invoke(Method.java:498)
	at org.testng.internal.MethodInvocationHelper.invokeMethod(MethodInvocationHelper.java:86)
	at org.testng.internal.Invoker.invokeMethod(Invoker.java:646)
	at org.testng.internal.Invoker.invokeTestMethod(Invoker.java:823)
	at org.testng.internal.Invoker.invokeTestMethods(Invoker.java:1131)
	at org.testng.internal.TestMethodWorker.invokeTestMethods(TestMethodWorker.java:129)
	at org.testng.internal.TestMethodWorker.run(TestMethodWorker.java:112)
	at org.testng.TestRunner.privateRun(TestRunner.java:778)
	at org.testng.TestRunner.run(TestRunner.java:632)
	at org.testng.SuiteRunner.runTest(SuiteRunner.java:366)
	at org.testng.SuiteRunner.runSequentially(SuiteRunner.java:361)
	at org.testng.SuiteRunner.privateRun(SuiteRunner.java:319)
	at org.testng.SuiteRunner.run(SuiteRunner.java:268)
	at org.testng.SuiteRunnerWorker.runSuite(SuiteRunnerWorker.java:52)
	at org.testng.SuiteRunnerWorker.run(SuiteRunnerWorker.java:86)
	at org.testng.TestNG.runSuitesSequentially(TestNG.java:1225)
	at org.testng.TestNG.runSuitesLocally(TestNG.java:1150)
	at org.testng.TestNG.runSuites(TestNG.java:1075)
	at org.testng.TestNG.run(TestNG.java:1047)
	at org.testng.remote.AbstractRemoteTestNG.run(AbstractRemoteTestNG.java:126)
	at org.testng.remote.RemoteTestNG.initAndRun(RemoteTestNG.java:137)
	at org.testng.remote.RemoteTestNG.main(RemoteTestNG.java:58)
]]>
            </full-stacktrace>
          </exception> <!-- java.lang.AssertionError -->
          <reporter-output>
            <line>
              <![CDATA[<a href='C:\Users\Diligence soft\git\POMstudy\src\main\Resources\screenshot\Blank_03_10_2019_11_37_31.png'><img src='C:\Users\Diligence soft\git\POMstudy\src\main\Resources\screenshot\Blank_03_10_2019_11_37_31.png'height='100' width='100'/></a>]]>
            </line>
            <line>
              <![CDATA[<a href='C:\Users\Diligence soft\git\POMstudy\src\main\Resources\screenshot\Blank_03_10_2019_11_37_35.png'><img src='C:\Users\Diligence soft\git\POMstudy\src\main\Resources\screenshot\Blank_03_10_2019_11_37_35.png'height='100' width='100'/></a>]]>
            </line>
          </reporter-output>
        </test-method> <!-- verifyLowestFirstPriceList -->
        <test-method status="PASS" signature="beforeMethod(java.lang.reflect.Method)[pri:0, instance:framework.projectname.testscripts.productDetails.VerifyLowestFirstpriceFilter@5a8e6209]" name="beforeMethod" is-config="true" duration-ms="0" started-at="2019-10-03T11:37:23Z" finished-at="2019-10-03T11:37:23Z">
          <params>
            <param index="0">
              <value>
                <![CDATA[public void framework.projectname.testscripts.productDetails.VerifyLowestFirstpriceFilter.verifyLowestFirstPriceList() throws java.lang.InterruptedException]]>
              </value>
            </param>
          </params>
          <reporter-output>
          </reporter-output>
        </test-method> <!-- beforeMethod -->
        <test-method status="PASS" signature="beforeclass()[pri:0, instance:framework.projectname.testscripts.productDetails.VerifyLowestFirstpriceFilter@5a8e6209]" name="beforeclass" is-config="true" duration-ms="0" started-at="2019-10-03T11:37:23Z" finished-at="2019-10-03T11:37:23Z">
          <reporter-output>
          </reporter-output>
        </test-method> <!-- beforeclass -->
        <test-method status="PASS" signature="AfterMethod(org.testng.ITestResult)[pri:0, instance:framework.projectname.testscripts.productDetails.VerifyLowestFirstpriceFilter@5a8e6209]" name="AfterMethod" is-config="true" duration-ms="485" started-at="2019-10-03T11:37:46Z" finished-at="2019-10-03T11:37:47Z">
          <params>
            <param index="0">
              <value>
                <![CDATA[[TestResult name=verifyLowestFirstPriceList status=FAILURE method=VerifyLowestFirstpriceFilter.verifyLowestFirstPriceList()[pri:0, instance:framework.projectname.testscripts.productDetails.VerifyLowestFirstpriceFilter@5a8e6209] output=<a href='C:\Users\Diligence soft\git\POMstudy\src\main\Resources\screenshot\Blank_03_10_2019_11_37_31.png'><img src='C:\Users\Diligence soft\git\POMstudy\src\main\Resources\screenshot\Blank_03_10_2019_11_37_31.png'height='100' width='100'/></a>]]]>
              </value>
            </param>
          </params>
          <reporter-output>
            <line>
              <![CDATA[<a href='C:\Users\Diligence soft\git\POMstudy\src\main\Resources\screenshot\verifyLowestFirstPriceList_03_10_2019_11_37_46.png'><img src='C:\Users\Diligence soft\git\POMstudy\src\main\Resources\screenshot\verifyLowestFirstPriceList_03_10_2019_11_37_46.png'height='100' width='100'/></a>]]>
            </line>
          </reporter-output>
        </test-method> <!-- AfterMethod -->
      </class> <!-- framework.projectname.testscripts.productDetails.VerifyLowestFirstpriceFilter -->
    </test> <!-- VerifyLowestFirstpriceFilter -->
    <test name="GoToCart" duration-ms="22822" started-at="2019-10-03T06:07:47Z" finished-at="2019-10-03T06:08:09Z">
      <class name="framework.projectname.testscripts.productDetails.GoToCart">
        <test-method status="PASS" signature="beforesuit()[pri:0, instance:framework.projectname.testscripts.productDetails.GoToCart@6325a3ee]" name="beforesuit" is-config="true" duration-ms="250" started-at="2019-10-03T11:36:37Z" finished-at="2019-10-03T11:36:37Z">
          <reporter-output>
          </reporter-output>
        </test-method> <!-- beforesuit -->
        <test-method status="PASS" signature="beforetest()[pri:0, instance:framework.projectname.testscripts.productDetails.GoToCart@6325a3ee]" name="beforetest" is-config="true" duration-ms="5258" started-at="2019-10-03T11:37:47Z" finished-at="2019-10-03T11:37:52Z">
          <reporter-output>
          </reporter-output>
        </test-method> <!-- beforetest -->
        <test-method status="PASS" signature="beforeclass()[pri:0, instance:framework.projectname.testscripts.productDetails.GoToCart@6325a3ee]" name="beforeclass" is-config="true" duration-ms="0" started-at="2019-10-03T11:37:52Z" finished-at="2019-10-03T11:37:52Z">
          <reporter-output>
          </reporter-output>
        </test-method> <!-- beforeclass -->
        <test-method status="PASS" signature="gotocartpage()[pri:0, instance:framework.projectname.testscripts.productDetails.GoToCart@6325a3ee]" name="gotocartpage" duration-ms="16329" started-at="2019-10-03T11:37:52Z" finished-at="2019-10-03T11:38:08Z">
          <reporter-output>
            <line>
              <![CDATA[<a href='C:\Users\Diligence soft\git\POMstudy\src\main\Resources\screenshot\Blank_03_10_2019_11_37_59.png'><img src='C:\Users\Diligence soft\git\POMstudy\src\main\Resources\screenshot\Blank_03_10_2019_11_37_59.png'height='100' width='100'/></a>]]>
            </line>
            <line>
              <![CDATA[<a href='C:\Users\Diligence soft\git\POMstudy\src\main\Resources\screenshot\Blank_03_10_2019_11_38_03.png'><img src='C:\Users\Diligence soft\git\POMstudy\src\main\Resources\screenshot\Blank_03_10_2019_11_38_03.png'height='100' width='100'/></a>]]>
            </line>
            <line>
              <![CDATA[<a href='C:\Users\Diligence soft\git\POMstudy\src\main\Resources\screenshot\Blank_03_10_2019_11_38_07.png'><img src='C:\Users\Diligence soft\git\POMstudy\src\main\Resources\screenshot\Blank_03_10_2019_11_38_07.png'height='100' width='100'/></a>]]>
            </line>
            <line>
              <![CDATA[<a href='C:\Users\Diligence soft\git\POMstudy\src\main\Resources\screenshot\Blank_03_10_2019_11_38_08.png'><img src='C:\Users\Diligence soft\git\POMstudy\src\main\Resources\screenshot\Blank_03_10_2019_11_38_08.png'height='100' width='100'/></a>]]>
            </line>
          </reporter-output>
        </test-method> <!-- gotocartpage -->
        <test-method status="PASS" signature="beforeMethod(java.lang.reflect.Method)[pri:0, instance:framework.projectname.testscripts.productDetails.GoToCart@6325a3ee]" name="beforeMethod" is-config="true" duration-ms="0" started-at="2019-10-03T11:37:52Z" finished-at="2019-10-03T11:37:52Z">
          <params>
            <param index="0">
              <value>
                <![CDATA[public void framework.projectname.testscripts.productDetails.GoToCart.gotocartpage() throws java.lang.InterruptedException]]>
              </value>
            </param>
          </params>
          <reporter-output>
          </reporter-output>
        </test-method> <!-- beforeMethod -->
        <test-method status="PASS" signature="AfterMethod(org.testng.ITestResult)[pri:0, instance:framework.projectname.testscripts.productDetails.GoToCart@6325a3ee]" name="AfterMethod" is-config="true" duration-ms="1232" started-at="2019-10-03T11:38:08Z" finished-at="2019-10-03T11:38:09Z">
          <params>
            <param index="0">
              <value>
                <![CDATA[[TestResult name=gotocartpage status=SUCCESS method=GoToCart.gotocartpage()[pri:0, instance:framework.projectname.testscripts.productDetails.GoToCart@6325a3ee] output=<a href='C:\Users\Diligence soft\git\POMstudy\src\main\Resources\screenshot\Blank_03_10_2019_11_37_59.png'><img src='C:\Users\Diligence soft\git\POMstudy\src\main\Resources\screenshot\Blank_03_10_2019_11_37_59.png'height='100' width='100'/></a>]]]>
              </value>
            </param>
          </params>
          <reporter-output>
            <line>
              <![CDATA[<a href='C:\Users\Diligence soft\git\POMstudy\src\main\Resources\screenshot\gotocartpage_03_10_2019_11_38_08.png'><img src='C:\Users\Diligence soft\git\POMstudy\src\main\Resources\screenshot\gotocartpage_03_10_2019_11_38_08.png'height='100' width='100'/></a>]]>
            </line>
          </reporter-output>
        </test-method> <!-- AfterMethod -->
      </class> <!-- framework.projectname.testscripts.productDetails.GoToCart -->
    </test> <!-- GoToCart -->
  </suite> <!-- AllTest -->
</testng-results>
